[2017-08-18 20:19:58] local.ERROR: PDOException: SQLSTATE[HY000]: General error: 1364 Field 'code' doesn't have a default value in C:\Users\Sony Vaio\PhpstormProjects\CodeFlix\vendor\doctrine\dbal\lib\Doctrine\DBAL\Driver\PDOStatement.php:91
Stack trace:
#0 C:\Users\Sony Vaio\PhpstormProjects\CodeFlix\vendor\doctrine\dbal\lib\Doctrine\DBAL\Driver\PDOStatement.php(91): PDOStatement->execute(NULL)
#1 C:\Users\Sony Vaio\PhpstormProjects\CodeFlix\vendor\laravel\framework\src\Illuminate\Database\Connection.php(449): Doctrine\DBAL\Driver\PDOStatement->execute()
#2 C:\Users\Sony Vaio\PhpstormProjects\CodeFlix\vendor\laravel\framework\src\Illuminate\Database\Connection.php(640): Illuminate\Database\Connection->Illuminate\Database\{closure}('insert into `or...', Array)
#3 C:\Users\Sony Vaio\PhpstormProjects\CodeFlix\vendor\laravel\framework\src\Illuminate\Database\Connection.php(607): Illuminate\Database\Connection->runQueryCallback('insert into `or...', Array, Object(Closure))
#4 C:\Users\Sony Vaio\PhpstormProjects\CodeFlix\vendor\laravel\framework\src\Illuminate\Database\Connection.php(450): Illuminate\Database\Connection->run('insert into `or...', Array, Object(Closure))
#5 C:\Users\Sony Vaio\PhpstormProjects\CodeFlix\vendor\laravel\framework\src\Illuminate\Database\Connection.php(404): Illuminate\Database\Connection->statement('insert into `or...', Array)
#6 C:\Users\Sony Vaio\PhpstormProjects\CodeFlix\vendor\laravel\framework\src\Illuminate\Database\Query\Processors\Processor.php(32): Illuminate\Database\Connection->insert('insert into `or...', Array)
#7 C:\Users\Sony Vaio\PhpstormProjects\CodeFlix\vendor\laravel\framework\src\Illuminate\Database\Query\Builder.php(2139): Illuminate\Database\Query\Processors\Processor->processInsertGetId(Object(Illuminate\Database\Query\Builder), 'insert into `or...', Array, 'id')
#8 C:\Users\Sony Vaio\PhpstormProjects\CodeFlix\vendor\laravel\framework\src\Illuminate\Database\Eloquent\Builder.php(1247): Illuminate\Database\Query\Builder->insertGetId(Array, 'id')
#9 C:\Users\Sony Vaio\PhpstormProjects\CodeFlix\vendor\laravel\framework\src\Illuminate\Database\Eloquent\Model.php(684): Illuminate\Database\Eloquent\Builder->__call('insertGetId', Array)
#10 C:\Users\Sony Vaio\PhpstormProjects\CodeFlix\vendor\laravel\framework\src\Illuminate\Database\Eloquent\Model.php(649): Illuminate\Database\Eloquent\Model->insertAndSetId(Object(Illuminate\Database\Eloquent\Builder), Array)
#11 C:\Users\Sony Vaio\PhpstormProjects\CodeFlix\vendor\laravel\framework\src\Illuminate\Database\Eloquent\Model.php(518): Illuminate\Database\Eloquent\Model->performInsert(Object(Illuminate\Database\Eloquent\Builder))
#12 C:\Users\Sony Vaio\PhpstormProjects\CodeFlix\database\seeds\OrdersTableSeeder.php(18): Illuminate\Database\Eloquent\Model->save()
#13 C:\Users\Sony Vaio\PhpstormProjects\CodeFlix\vendor\laravel\framework\src\Illuminate\Support\Collection.php(260): OrdersTableSeeder->{closure}(Object(CodeFlix\Models\Order), 0)
#14 C:\Users\Sony Vaio\PhpstormProjects\CodeFlix\database\seeds\OrdersTableSeeder.php(19): Illuminate\Support\Collection->each(Object(Closure))
#15 [internal function]: OrdersTableSeeder->run()
#16 C:\Users\Sony Vaio\PhpstormProjects\CodeFlix\vendor\laravel\framework\src\Illuminate\Container\BoundMethod.php(29): call_user_func_array(Array, Array)
#17 C:\Users\Sony Vaio\PhpstormProjects\CodeFlix\vendor\laravel\framework\src\Illuminate\Container\BoundMethod.php(87): Illuminate\Container\BoundMethod::Illuminate\Container\{closure}()
#18 C:\Users\Sony Vaio\PhpstormProjects\CodeFlix\vendor\laravel\framework\src\Illuminate\Container\BoundMethod.php(31): Illuminate\Container\BoundMethod::callBoundMethod(Object(Illuminate\Foundation\Application), Array, Object(Closure))
#19 C:\Users\Sony Vaio\PhpstormProjects\CodeFlix\vendor\laravel\framework\src\Illuminate\Container\Container.php(531): Illuminate\Container\BoundMethod::call(Object(Illuminate\Foundation\Application), Array, Array, NULL)
#20 C:\Users\Sony Vaio\PhpstormProjects\CodeFlix\vendor\laravel\framework\src\Illuminate\Database\Seeder.php(114): Illuminate\Container\Container->call(Array)
#21 C:\Users\Sony Vaio\PhpstormProjects\CodeFlix\vendor\laravel\framework\src\Illuminate\Database\Seeder.php(37): Illuminate\Database\Seeder->__invoke()
#22 C:\Users\Sony Vaio\PhpstormProjects\CodeFlix\database\seeds\DatabaseSeeder.php(24): Illuminate\Database\Seeder->call('OrdersTableSeed...')
#23 [internal function]: DatabaseSeeder->run()
#24 C:\Users\Sony Vaio\PhpstormProjects\CodeFlix\vendor\laravel\framework\src\Illuminate\Container\BoundMethod.php(29): call_user_func_array(Array, Array)
#25 C:\Users\Sony Vaio\PhpstormProjects\CodeFlix\vendor\laravel\framework\src\Illuminate\Container\BoundMethod.php(87): Illuminate\Container\BoundMethod::Illuminate\Container\{closure}()
#26 C:\Users\Sony Vaio\PhpstormProjects\CodeFlix\vendor\laravel\framework\src\Illuminate\Container\BoundMethod.php(31): Illuminate\Container\BoundMethod::callBoundMethod(Object(Illuminate\Foundation\Application), Array, Object(Closure))
#27 C:\Users\Sony Vaio\PhpstormProjects\CodeFlix\vendor\laravel\framework\src\Illuminate\Container\Container.php(531): Illuminate\Container\BoundMethod::call(Object(Illuminate\Foundation\Application), Array, Array, NULL)
#28 C:\Users\Sony Vaio\PhpstormProjects\CodeFlix\vendor\laravel\framework\src\Illuminate\Database\Seeder.php(114): Illuminate\Container\Container->call(Array)
#29 C:\Users\Sony Vaio\PhpstormProjects\CodeFlix\vendor\laravel\framework\src\Illuminate\Database\Console\Seeds\SeedCommand.php(63): Illuminate\Database\Seeder->__invoke()
#30 C:\Users\Sony Vaio\PhpstormProjects\CodeFlix\vendor\laravel\framework\src\Illuminate\Database\Eloquent\Concerns\GuardsAttributes.php(122): Illuminate\Database\Console\Seeds\SeedCommand->Illuminate\Database\Console\Seeds\{closure}()
#31 C:\Users\Sony Vaio\PhpstormProjects\CodeFlix\vendor\laravel\framework\src\Illuminate\Database\Console\Seeds\SeedCommand.php(64): Illuminate\Database\Eloquent\Model::unguarded(Object(Closure))
#32 [internal function]: Illuminate\Database\Console\Seeds\SeedCommand->fire()
#33 C:\Users\Sony Vaio\PhpstormProjects\CodeFlix\vendor\laravel\framework\src\Illuminate\Container\BoundMethod.php(29): call_user_func_array(Array, Array)
#34 C:\Users\Sony Vaio\PhpstormProjects\CodeFlix\vendor\laravel\framework\src\Illuminate\Container\BoundMethod.php(87): Illuminate\Container\BoundMethod::Illuminate\Container\{closure}()
#35 C:\Users\Sony Vaio\PhpstormProjects\CodeFlix\vendor\laravel\framework\src\Illuminate\Container\BoundMethod.php(31): Illuminate\Container\BoundMethod::callBoundMethod(Object(Illuminate\Foundation\Application), Array, Object(Closure))
#36 C:\Users\Sony Vaio\PhpstormProjects\CodeFlix\vendor\laravel\framework\src\Illuminate\Container\Container.php(531): Illuminate\Container\BoundMethod::call(Object(Illuminate\Foundation\Application), Array, Array, NULL)
#37 C:\Users\Sony Vaio\PhpstormProjects\CodeFlix\vendor\laravel\framework\src\Illuminate\Console\Command.php(182): Illuminate\Container\Container->call(Array)
#38 C:\Users\Sony Vaio\PhpstormProjects\CodeFlix\vendor\symfony\console\Command\Command.php(264): Illuminate\Console\Command->execute(Object(Symfony\Component\Console\Input\ArrayInput), Object(Illuminate\Console\OutputStyle))
#39 C:\Users\Sony Vaio\PhpstormProjects\CodeFlix\vendor\laravel\framework\src\Illuminate\Console\Command.php(167): Symfony\Component\Console\Command\Command->run(Object(Symfony\Component\Console\Input\ArrayInput), Object(Illuminate\Console\OutputStyle))
#40 C:\Users\Sony Vaio\PhpstormProjects\CodeFlix\vendor\laravel\framework\src\Illuminate\Console\Command.php(197): Illuminate\Console\Command->run(Object(Symfony\Component\Console\Input\ArrayInput), Object(Illuminate\Console\OutputStyle))
#41 C:\Users\Sony Vaio\PhpstormProjects\CodeFlix\vendor\laravel\framework\src\Illuminate\Database\Console\Migrations\RefreshCommand.php(129): Illuminate\Console\Command->call('db:seed', Array)
#42 C:\Users\Sony Vaio\PhpstormProjects\CodeFlix\vendor\laravel\framework\src\Illuminate\Database\Console\Migrations\RefreshCommand.php(68): Illuminate\Database\Console\Migrations\RefreshCommand->runSeeder(NULL)
#43 [internal function]: Illuminate\Database\Console\Migrations\RefreshCommand->fire()
#44 C:\Users\Sony Vaio\PhpstormProjects\CodeFlix\vendor\laravel\framework\src\Illuminate\Container\BoundMethod.php(29): call_user_func_array(Array, Array)
#45 C:\Users\Sony Vaio\PhpstormProjects\CodeFlix\vendor\laravel\framework\src\Illuminate\Container\BoundMethod.php(87): Illuminate\Container\BoundMethod::Illuminate\Container\{closure}()
#46 C:\Users\Sony Vaio\PhpstormProjects\CodeFlix\vendor\laravel\framework\src\Illuminate\Container\BoundMethod.php(31): Illuminate\Container\BoundMethod::callBoundMethod(Object(Illuminate\Foundation\Application), Array, Object(Closure))
#47 C:\Users\Sony Vaio\PhpstormProjects\CodeFlix\vendor\laravel\framework\src\Illuminate\Container\Container.php(531): Illuminate\Container\BoundMethod::call(Object(Illuminate\Foundation\Application), Array, Array, NULL)
#48 C:\Users\Sony Vaio\PhpstormProjects\CodeFlix\vendor\laravel\framework\src\Illuminate\Console\Command.php(182): Illuminate\Container\Container->call(Array)
#49 C:\Users\Sony Vaio\PhpstormProjects\CodeFlix\vendor\symfony\console\Command\Command.php(264): Illuminate\Console\Command->execute(Object(Symfony\Component\Console\Input\ArgvInput), Object(Illuminate\Console\OutputStyle))
#50 C:\Users\Sony Vaio\PhpstormProjects\CodeFlix\vendor\laravel\framework\src\Illuminate\Console\Command.php(167): Symfony\Component\Console\Command\Command->run(Object(Symfony\Component\Console\Input\ArgvInput), Object(Illuminate\Console\OutputStyle))
#51 C:\Users\Sony Vaio\PhpstormProjects\CodeFlix\vendor\symfony\console\Application.php(835): Illuminate\Console\Command->run(Object(Symfony\Component\Console\Input\ArgvInput), Object(Symfony\Component\Console\Output\ConsoleOutput))
#52 C:\Users\Sony Vaio\PhpstormProjects\CodeFlix\vendor\symfony\console\Application.php(200): Symfony\Component\Console\Application->doRunCommand(Object(Illuminate\Database\Console\Migrations\RefreshCommand), Object(Symfony\Component\Console\Input\ArgvInput), Object(Symfony\Component\Console\Output\ConsoleOutput))
#53 C:\Users\Sony Vaio\PhpstormProjects\CodeFlix\vendor\symfony\console\Application.php(124): Symfony\Component\Console\Application->doRun(Object(Symfony\Component\Console\Input\ArgvInput), Object(Symfony\Component\Console\Output\ConsoleOutput))
#54 C:\Users\Sony Vaio\PhpstormProjects\CodeFlix\vendor\laravel\framework\src\Illuminate\Foundation\Console\Kernel.php(122): Symfony\Component\Console\Application->run(Object(Symfony\Component\Console\Input\ArgvInput), Object(Symfony\Component\Console\Output\ConsoleOutput))
#55 C:\Users\Sony Vaio\PhpstormProjects\CodeFlix\artisan(35): Illuminate\Foundation\Console\Kernel->handle(Object(Symfony\Component\Console\Input\ArgvInput), Object(Symfony\Component\Console\Output\ConsoleOutput))
#56 {main}

Next Doctrine\DBAL\Driver\PDOException: SQLSTATE[HY000]: General error: 1364 Field 'code' doesn't have a default value in C:\Users\Sony Vaio\PhpstormProjects\CodeFlix\vendor\doctrine\dbal\lib\Doctrine\DBAL\Driver\PDOStatement.php:93
Stack trace:
#0 C:\Users\Sony Vaio\PhpstormProjects\CodeFlix\vendor\laravel\framework\src\Illuminate\Database\Connection.php(449): Doctrine\DBAL\Driver\PDOStatement->execute()
#1 C:\Users\Sony Vaio\PhpstormProjects\CodeFlix\vendor\laravel\framework\src\Illuminate\Database\Connection.php(640): Illuminate\Database\Connection->Illuminate\Database\{closure}('insert into `or...', Array)
#2 C:\Users\Sony Vaio\PhpstormProjects\CodeFlix\vendor\laravel\framework\src\Illuminate\Database\Connection.php(607): Illuminate\Database\Connection->runQueryCallback('insert into `or...', Array, Object(Closure))
#3 C:\Users\Sony Vaio\PhpstormProjects\CodeFlix\vendor\laravel\framework\src\Illuminate\Database\Connection.php(450): Illuminate\Database\Connection->run('insert into `or...', Array, Object(Closure))
#4 C:\Users\Sony Vaio\PhpstormProjects\CodeFlix\vendor\laravel\framework\src\Illuminate\Database\Connection.php(404): Illuminate\Database\Connection->statement('insert into `or...', Array)
#5 C:\Users\Sony Vaio\PhpstormProjects\CodeFlix\vendor\laravel\framework\src\Illuminate\Database\Query\Processors\Processor.php(32): Illuminate\Database\Connection->insert('insert into `or...', Array)
#6 C:\Users\Sony Vaio\PhpstormProjects\CodeFlix\vendor\laravel\framework\src\Illuminate\Database\Query\Builder.php(2139): Illuminate\Database\Query\Processors\Processor->processInsertGetId(Object(Illuminate\Database\Query\Builder), 'insert into `or...', Array, 'id')
#7 C:\Users\Sony Vaio\PhpstormProjects\CodeFlix\vendor\laravel\framework\src\Illuminate\Database\Eloquent\Builder.php(1247): Illuminate\Database\Query\Builder->insertGetId(Array, 'id')
#8 C:\Users\Sony Vaio\PhpstormProjects\CodeFlix\vendor\laravel\framework\src\Illuminate\Database\Eloquent\Model.php(684): Illuminate\Database\Eloquent\Builder->__call('insertGetId', Array)
#9 C:\Users\Sony Vaio\PhpstormProjects\CodeFlix\vendor\laravel\framework\src\Illuminate\Database\Eloquent\Model.php(649): Illuminate\Database\Eloquent\Model->insertAndSetId(Object(Illuminate\Database\Eloquent\Builder), Array)
#10 C:\Users\Sony Vaio\PhpstormProjects\CodeFlix\vendor\laravel\framework\src\Illuminate\Database\Eloquent\Model.php(518): Illuminate\Database\Eloquent\Model->performInsert(Object(Illuminate\Database\Eloquent\Builder))
#11 C:\Users\Sony Vaio\PhpstormProjects\CodeFlix\database\seeds\OrdersTableSeeder.php(18): Illuminate\Database\Eloquent\Model->save()
#12 C:\Users\Sony Vaio\PhpstormProjects\CodeFlix\vendor\laravel\framework\src\Illuminate\Support\Collection.php(260): OrdersTableSeeder->{closure}(Object(CodeFlix\Models\Order), 0)
#13 C:\Users\Sony Vaio\PhpstormProjects\CodeFlix\database\seeds\OrdersTableSeeder.php(19): Illuminate\Support\Collection->each(Object(Closure))
#14 [internal function]: OrdersTableSeeder->run()
#15 C:\Users\Sony Vaio\PhpstormProjects\CodeFlix\vendor\laravel\framework\src\Illuminate\Container\BoundMethod.php(29): call_user_func_array(Array, Array)
#16 C:\Users\Sony Vaio\PhpstormProjects\CodeFlix\vendor\laravel\framework\src\Illuminate\Container\BoundMethod.php(87): Illuminate\Container\BoundMethod::Illuminate\Container\{closure}()
#17 C:\Users\Sony Vaio\PhpstormProjects\CodeFlix\vendor\laravel\framework\src\Illuminate\Container\BoundMethod.php(31): Illuminate\Container\BoundMethod::callBoundMethod(Object(Illuminate\Foundation\Application), Array, Object(Closure))
#18 C:\Users\Sony Vaio\PhpstormProjects\CodeFlix\vendor\laravel\framework\src\Illuminate\Container\Container.php(531): Illuminate\Container\BoundMethod::call(Object(Illuminate\Foundation\Application), Array, Array, NULL)
#19 C:\Users\Sony Vaio\PhpstormProjects\CodeFlix\vendor\laravel\framework\src\Illuminate\Database\Seeder.php(114): Illuminate\Container\Container->call(Array)
#20 C:\Users\Sony Vaio\PhpstormProjects\CodeFlix\vendor\laravel\framework\src\Illuminate\Database\Seeder.php(37): Illuminate\Database\Seeder->__invoke()
#21 C:\Users\Sony Vaio\PhpstormProjects\CodeFlix\database\seeds\DatabaseSeeder.php(24): Illuminate\Database\Seeder->call('OrdersTableSeed...')
#22 [internal function]: DatabaseSeeder->run()
#23 C:\Users\Sony Vaio\PhpstormProjects\CodeFlix\vendor\laravel\framework\src\Illuminate\Container\BoundMethod.php(29): call_user_func_array(Array, Array)
#24 C:\Users\Sony Vaio\PhpstormProjects\CodeFlix\vendor\laravel\framework\src\Illuminate\Container\BoundMethod.php(87): Illuminate\Container\BoundMethod::Illuminate\Container\{closure}()
#25 C:\Users\Sony Vaio\PhpstormProjects\CodeFlix\vendor\laravel\framework\src\Illuminate\Container\BoundMethod.php(31): Illuminate\Container\BoundMethod::callBoundMethod(Object(Illuminate\Foundation\Application), Array, Object(Closure))
#26 C:\Users\Sony Vaio\PhpstormProjects\CodeFlix\vendor\laravel\framework\src\Illuminate\Container\Container.php(531): Illuminate\Container\BoundMethod::call(Object(Illuminate\Foundation\Application), Array, Array, NULL)
#27 C:\Users\Sony Vaio\PhpstormProjects\CodeFlix\vendor\laravel\framework\src\Illuminate\Database\Seeder.php(114): Illuminate\Container\Container->call(Array)
#28 C:\Users\Sony Vaio\PhpstormProjects\CodeFlix\vendor\laravel\framework\src\Illuminate\Database\Console\Seeds\SeedCommand.php(63): Illuminate\Database\Seeder->__invoke()
#29 C:\Users\Sony Vaio\PhpstormProjects\CodeFlix\vendor\laravel\framework\src\Illuminate\Database\Eloquent\Concerns\GuardsAttributes.php(122): Illuminate\Database\Console\Seeds\SeedCommand->Illuminate\Database\Console\Seeds\{closure}()
#30 C:\Users\Sony Vaio\PhpstormProjects\CodeFlix\vendor\laravel\framework\src\Illuminate\Database\Console\Seeds\SeedCommand.php(64): Illuminate\Database\Eloquent\Model::unguarded(Object(Closure))
#31 [internal function]: Illuminate\Database\Console\Seeds\SeedCommand->fire()
#32 C:\Users\Sony Vaio\PhpstormProjects\CodeFlix\vendor\laravel\framework\src\Illuminate\Container\BoundMethod.php(29): call_user_func_array(Array, Array)
#33 C:\Users\Sony Vaio\PhpstormProjects\CodeFlix\vendor\laravel\framework\src\Illuminate\Container\BoundMethod.php(87): Illuminate\Container\BoundMethod::Illuminate\Container\{closure}()
#34 C:\Users\Sony Vaio\PhpstormProjects\CodeFlix\vendor\laravel\framework\src\Illuminate\Container\BoundMethod.php(31): Illuminate\Container\BoundMethod::callBoundMethod(Object(Illuminate\Foundation\Application), Array, Object(Closure))
#35 C:\Users\Sony Vaio\PhpstormProjects\CodeFlix\vendor\laravel\framework\src\Illuminate\Container\Container.php(531): Illuminate\Container\BoundMethod::call(Object(Illuminate\Foundation\Application), Array, Array, NULL)
#36 C:\Users\Sony Vaio\PhpstormProjects\CodeFlix\vendor\laravel\framework\src\Illuminate\Console\Command.php(182): Illuminate\Container\Container->call(Array)
#37 C:\Users\Sony Vaio\PhpstormProjects\CodeFlix\vendor\symfony\console\Command\Command.php(264): Illuminate\Console\Command->execute(Object(Symfony\Component\Console\Input\ArrayInput), Object(Illuminate\Console\OutputStyle))
#38 C:\Users\Sony Vaio\PhpstormProjects\CodeFlix\vendor\laravel\framework\src\Illuminate\Console\Command.php(167): Symfony\Component\Console\Command\Command->run(Object(Symfony\Component\Console\Input\ArrayInput), Object(Illuminate\Console\OutputStyle))
#39 C:\Users\Sony Vaio\PhpstormProjects\CodeFlix\vendor\laravel\framework\src\Illuminate\Console\Command.php(197): Illuminate\Console\Command->run(Object(Symfony\Component\Console\Input\ArrayInput), Object(Illuminate\Console\OutputStyle))
#40 C:\Users\Sony Vaio\PhpstormProjects\CodeFlix\vendor\laravel\framework\src\Illuminate\Database\Console\Migrations\RefreshCommand.php(129): Illuminate\Console\Command->call('db:seed', Array)
#41 C:\Users\Sony Vaio\PhpstormProjects\CodeFlix\vendor\laravel\framework\src\Illuminate\Database\Console\Migrations\RefreshCommand.php(68): Illuminate\Database\Console\Migrations\RefreshCommand->runSeeder(NULL)
#42 [internal function]: Illuminate\Database\Console\Migrations\RefreshCommand->fire()
#43 C:\Users\Sony Vaio\PhpstormProjects\CodeFlix\vendor\laravel\framework\src\Illuminate\Container\BoundMethod.php(29): call_user_func_array(Array, Array)
#44 C:\Users\Sony Vaio\PhpstormProjects\CodeFlix\vendor\laravel\framework\src\Illuminate\Container\BoundMethod.php(87): Illuminate\Container\BoundMethod::Illuminate\Container\{closure}()
#45 C:\Users\Sony Vaio\PhpstormProjects\CodeFlix\vendor\laravel\framework\src\Illuminate\Container\BoundMethod.php(31): Illuminate\Container\BoundMethod::callBoundMethod(Object(Illuminate\Foundation\Application), Array, Object(Closure))
#46 C:\Users\Sony Vaio\PhpstormProjects\CodeFlix\vendor\laravel\framework\src\Illuminate\Container\Container.php(531): Illuminate\Container\BoundMethod::call(Object(Illuminate\Foundation\Application), Array, Array, NULL)
#47 C:\Users\Sony Vaio\PhpstormProjects\CodeFlix\vendor\laravel\framework\src\Illuminate\Console\Command.php(182): Illuminate\Container\Container->call(Array)
#48 C:\Users\Sony Vaio\PhpstormProjects\CodeFlix\vendor\symfony\console\Command\Command.php(264): Illuminate\Console\Command->execute(Object(Symfony\Component\Console\Input\ArgvInput), Object(Illuminate\Console\OutputStyle))
#49 C:\Users\Sony Vaio\PhpstormProjects\CodeFlix\vendor\laravel\framework\src\Illuminate\Console\Command.php(167): Symfony\Component\Console\Command\Command->run(Object(Symfony\Component\Console\Input\ArgvInput), Object(Illuminate\Console\OutputStyle))
#50 C:\Users\Sony Vaio\PhpstormProjects\CodeFlix\vendor\symfony\console\Application.php(835): Illuminate\Console\Command->run(Object(Symfony\Component\Console\Input\ArgvInput), Object(Symfony\Component\Console\Output\ConsoleOutput))
#51 C:\Users\Sony Vaio\PhpstormProjects\CodeFlix\vendor\symfony\console\Application.php(200): Symfony\Component\Console\Application->doRunCommand(Object(Illuminate\Database\Console\Migrations\RefreshCommand), Object(Symfony\Component\Console\Input\ArgvInput), Object(Symfony\Component\Console\Output\ConsoleOutput))
#52 C:\Users\Sony Vaio\PhpstormProjects\CodeFlix\vendor\symfony\console\Application.php(124): Symfony\Component\Console\Application->doRun(Object(Symfony\Component\Console\Input\ArgvInput), Object(Symfony\Component\Console\Output\ConsoleOutput))
#53 C:\Users\Sony Vaio\PhpstormProjects\CodeFlix\vendor\laravel\framework\src\Illuminate\Foundation\Console\Kernel.php(122): Symfony\Component\Console\Application->run(Object(Symfony\Component\Console\Input\ArgvInput), Object(Symfony\Component\Console\Output\ConsoleOutput))
#54 C:\Users\Sony Vaio\PhpstormProjects\CodeFlix\artisan(35): Illuminate\Foundation\Console\Kernel->handle(Object(Symfony\Component\Console\Input\ArgvInput), Object(Symfony\Component\Console\Output\ConsoleOutput))
#55 {main}

Next Illuminate\Database\QueryException: SQLSTATE[HY000]: General error: 1364 Field 'code' doesn't have a default value (SQL: insert into `orders` (`value`, `user_id`, `updated_at`, `created_at`) values (90, 4, 2017-08-18 20:19:58, 2017-08-18 20:19:58)) in C:\Users\Sony Vaio\PhpstormProjects\CodeFlix\vendor\laravel\framework\src\Illuminate\Database\Connection.php:647
Stack trace:
#0 C:\Users\Sony Vaio\PhpstormProjects\CodeFlix\vendor\laravel\framework\src\Illuminate\Database\Connection.php(607): Illuminate\Database\Connection->runQueryCallback('insert into `or...', Array, Object(Closure))
#1 C:\Users\Sony Vaio\PhpstormProjects\CodeFlix\vendor\laravel\framework\src\Illuminate\Database\Connection.php(450): Illuminate\Database\Connection->run('insert into `or...', Array, Object(Closure))
#2 C:\Users\Sony Vaio\PhpstormProjects\CodeFlix\vendor\laravel\framework\src\Illuminate\Database\Connection.php(404): Illuminate\Database\Connection->statement('insert into `or...', Array)
#3 C:\Users\Sony Vaio\PhpstormProjects\CodeFlix\vendor\laravel\framework\src\Illuminate\Database\Query\Processors\Processor.php(32): Illuminate\Database\Connection->insert('insert into `or...', Array)
#4 C:\Users\Sony Vaio\PhpstormProjects\CodeFlix\vendor\laravel\framework\src\Illuminate\Database\Query\Builder.php(2139): Illuminate\Database\Query\Processors\Processor->processInsertGetId(Object(Illuminate\Database\Query\Builder), 'insert into `or...', Array, 'id')
#5 C:\Users\Sony Vaio\PhpstormProjects\CodeFlix\vendor\laravel\framework\src\Illuminate\Database\Eloquent\Builder.php(1247): Illuminate\Database\Query\Builder->insertGetId(Array, 'id')
#6 C:\Users\Sony Vaio\PhpstormProjects\CodeFlix\vendor\laravel\framework\src\Illuminate\Database\Eloquent\Model.php(684): Illuminate\Database\Eloquent\Builder->__call('insertGetId', Array)
#7 C:\Users\Sony Vaio\PhpstormProjects\CodeFlix\vendor\laravel\framework\src\Illuminate\Database\Eloquent\Model.php(649): Illuminate\Database\Eloquent\Model->insertAndSetId(Object(Illuminate\Database\Eloquent\Builder), Array)
#8 C:\Users\Sony Vaio\PhpstormProjects\CodeFlix\vendor\laravel\framework\src\Illuminate\Database\Eloquent\Model.php(518): Illuminate\Database\Eloquent\Model->performInsert(Object(Illuminate\Database\Eloquent\Builder))
#9 C:\Users\Sony Vaio\PhpstormProjects\CodeFlix\database\seeds\OrdersTableSeeder.php(18): Illuminate\Database\Eloquent\Model->save()
#10 C:\Users\Sony Vaio\PhpstormProjects\CodeFlix\vendor\laravel\framework\src\Illuminate\Support\Collection.php(260): OrdersTableSeeder->{closure}(Object(CodeFlix\Models\Order), 0)
#11 C:\Users\Sony Vaio\PhpstormProjects\CodeFlix\database\seeds\OrdersTableSeeder.php(19): Illuminate\Support\Collection->each(Object(Closure))
#12 [internal function]: OrdersTableSeeder->run()
#13 C:\Users\Sony Vaio\PhpstormProjects\CodeFlix\vendor\laravel\framework\src\Illuminate\Container\BoundMethod.php(29): call_user_func_array(Array, Array)
#14 C:\Users\Sony Vaio\PhpstormProjects\CodeFlix\vendor\laravel\framework\src\Illuminate\Container\BoundMethod.php(87): Illuminate\Container\BoundMethod::Illuminate\Container\{closure}()
#15 C:\Users\Sony Vaio\PhpstormProjects\CodeFlix\vendor\laravel\framework\src\Illuminate\Container\BoundMethod.php(31): Illuminate\Container\BoundMethod::callBoundMethod(Object(Illuminate\Foundation\Application), Array, Object(Closure))
#16 C:\Users\Sony Vaio\PhpstormProjects\CodeFlix\vendor\laravel\framework\src\Illuminate\Container\Container.php(531): Illuminate\Container\BoundMethod::call(Object(Illuminate\Foundation\Application), Array, Array, NULL)
#17 C:\Users\Sony Vaio\PhpstormProjects\CodeFlix\vendor\laravel\framework\src\Illuminate\Database\Seeder.php(114): Illuminate\Container\Container->call(Array)
#18 C:\Users\Sony Vaio\PhpstormProjects\CodeFlix\vendor\laravel\framework\src\Illuminate\Database\Seeder.php(37): Illuminate\Database\Seeder->__invoke()
#19 C:\Users\Sony Vaio\PhpstormProjects\CodeFlix\database\seeds\DatabaseSeeder.php(24): Illuminate\Database\Seeder->call('OrdersTableSeed...')
#20 [internal function]: DatabaseSeeder->run()
#21 C:\Users\Sony Vaio\PhpstormProjects\CodeFlix\vendor\laravel\framework\src\Illuminate\Container\BoundMethod.php(29): call_user_func_array(Array, Array)
#22 C:\Users\Sony Vaio\PhpstormProjects\CodeFlix\vendor\laravel\framework\src\Illuminate\Container\BoundMethod.php(87): Illuminate\Container\BoundMethod::Illuminate\Container\{closure}()
#23 C:\Users\Sony Vaio\PhpstormProjects\CodeFlix\vendor\laravel\framework\src\Illuminate\Container\BoundMethod.php(31): Illuminate\Container\BoundMethod::callBoundMethod(Object(Illuminate\Foundation\Application), Array, Object(Closure))
#24 C:\Users\Sony Vaio\PhpstormProjects\CodeFlix\vendor\laravel\framework\src\Illuminate\Container\Container.php(531): Illuminate\Container\BoundMethod::call(Object(Illuminate\Foundation\Application), Array, Array, NULL)
#25 C:\Users\Sony Vaio\PhpstormProjects\CodeFlix\vendor\laravel\framework\src\Illuminate\Database\Seeder.php(114): Illuminate\Container\Container->call(Array)
#26 C:\Users\Sony Vaio\PhpstormProjects\CodeFlix\vendor\laravel\framework\src\Illuminate\Database\Console\Seeds\SeedCommand.php(63): Illuminate\Database\Seeder->__invoke()
#27 C:\Users\Sony Vaio\PhpstormProjects\CodeFlix\vendor\laravel\framework\src\Illuminate\Database\Eloquent\Concerns\GuardsAttributes.php(122): Illuminate\Database\Console\Seeds\SeedCommand->Illuminate\Database\Console\Seeds\{closure}()
#28 C:\Users\Sony Vaio\PhpstormProjects\CodeFlix\vendor\laravel\framework\src\Illuminate\Database\Console\Seeds\SeedCommand.php(64): Illuminate\Database\Eloquent\Model::unguarded(Object(Closure))
#29 [internal function]: Illuminate\Database\Console\Seeds\SeedCommand->fire()
#30 C:\Users\Sony Vaio\PhpstormProjects\CodeFlix\vendor\laravel\framework\src\Illuminate\Container\BoundMethod.php(29): call_user_func_array(Array, Array)
#31 C:\Users\Sony Vaio\PhpstormProjects\CodeFlix\vendor\laravel\framework\src\Illuminate\Container\BoundMethod.php(87): Illuminate\Container\BoundMethod::Illuminate\Container\{closure}()
#32 C:\Users\Sony Vaio\PhpstormProjects\CodeFlix\vendor\laravel\framework\src\Illuminate\Container\BoundMethod.php(31): Illuminate\Container\BoundMethod::callBoundMethod(Object(Illuminate\Foundation\Application), Array, Object(Closure))
#33 C:\Users\Sony Vaio\PhpstormProjects\CodeFlix\vendor\laravel\framework\src\Illuminate\Container\Container.php(531): Illuminate\Container\BoundMethod::call(Object(Illuminate\Foundation\Application), Array, Array, NULL)
#34 C:\Users\Sony Vaio\PhpstormProjects\CodeFlix\vendor\laravel\framework\src\Illuminate\Console\Command.php(182): Illuminate\Container\Container->call(Array)
#35 C:\Users\Sony Vaio\PhpstormProjects\CodeFlix\vendor\symfony\console\Command\Command.php(264): Illuminate\Console\Command->execute(Object(Symfony\Component\Console\Input\ArrayInput), Object(Illuminate\Console\OutputStyle))
#36 C:\Users\Sony Vaio\PhpstormProjects\CodeFlix\vendor\laravel\framework\src\Illuminate\Console\Command.php(167): Symfony\Component\Console\Command\Command->run(Object(Symfony\Component\Console\Input\ArrayInput), Object(Illuminate\Console\OutputStyle))
#37 C:\Users\Sony Vaio\PhpstormProjects\CodeFlix\vendor\laravel\framework\src\Illuminate\Console\Command.php(197): Illuminate\Console\Command->run(Object(Symfony\Component\Console\Input\ArrayInput), Object(Illuminate\Console\OutputStyle))
#38 C:\Users\Sony Vaio\PhpstormProjects\CodeFlix\vendor\laravel\framework\src\Illuminate\Database\Console\Migrations\RefreshCommand.php(129): Illuminate\Console\Command->call('db:seed', Array)
#39 C:\Users\Sony Vaio\PhpstormProjects\CodeFlix\vendor\laravel\framework\src\Illuminate\Database\Console\Migrations\RefreshCommand.php(68): Illuminate\Database\Console\Migrations\RefreshCommand->runSeeder(NULL)
#40 [internal function]: Illuminate\Database\Console\Migrations\RefreshCommand->fire()
#41 C:\Users\Sony Vaio\PhpstormProjects\CodeFlix\vendor\laravel\framework\src\Illuminate\Container\BoundMethod.php(29): call_user_func_array(Array, Array)
#42 C:\Users\Sony Vaio\PhpstormProjects\CodeFlix\vendor\laravel\framework\src\Illuminate\Container\BoundMethod.php(87): Illuminate\Container\BoundMethod::Illuminate\Container\{closure}()
#43 C:\Users\Sony Vaio\PhpstormProjects\CodeFlix\vendor\laravel\framework\src\Illuminate\Container\BoundMethod.php(31): Illuminate\Container\BoundMethod::callBoundMethod(Object(Illuminate\Foundation\Application), Array, Object(Closure))
#44 C:\Users\Sony Vaio\PhpstormProjects\CodeFlix\vendor\laravel\framework\src\Illuminate\Container\Container.php(531): Illuminate\Container\BoundMethod::call(Object(Illuminate\Foundation\Application), Array, Array, NULL)
#45 C:\Users\Sony Vaio\PhpstormProjects\CodeFlix\vendor\laravel\framework\src\Illuminate\Console\Command.php(182): Illuminate\Container\Container->call(Array)
#46 C:\Users\Sony Vaio\PhpstormProjects\CodeFlix\vendor\symfony\console\Command\Command.php(264): Illuminate\Console\Command->execute(Object(Symfony\Component\Console\Input\ArgvInput), Object(Illuminate\Console\OutputStyle))
#47 C:\Users\Sony Vaio\PhpstormProjects\CodeFlix\vendor\laravel\framework\src\Illuminate\Console\Command.php(167): Symfony\Component\Console\Command\Command->run(Object(Symfony\Component\Console\Input\ArgvInput), Object(Illuminate\Console\OutputStyle))
#48 C:\Users\Sony Vaio\PhpstormProjects\CodeFlix\vendor\symfony\console\Application.php(835): Illuminate\Console\Command->run(Object(Symfony\Component\Console\Input\ArgvInput), Object(Symfony\Component\Console\Output\ConsoleOutput))
#49 C:\Users\Sony Vaio\PhpstormProjects\CodeFlix\vendor\symfony\console\Application.php(200): Symfony\Component\Console\Application->doRunCommand(Object(Illuminate\Database\Console\Migrations\RefreshCommand), Object(Symfony\Component\Console\Input\ArgvInput), Object(Symfony\Component\Console\Output\ConsoleOutput))
#50 C:\Users\Sony Vaio\PhpstormProjects\CodeFlix\vendor\symfony\console\Application.php(124): Symfony\Component\Console\Application->doRun(Object(Symfony\Component\Console\Input\ArgvInput), Object(Symfony\Component\Console\Output\ConsoleOutput))
#51 C:\Users\Sony Vaio\PhpstormProjects\CodeFlix\vendor\laravel\framework\src\Illuminate\Foundation\Console\Kernel.php(122): Symfony\Component\Console\Application->run(Object(Symfony\Component\Console\Input\ArgvInput), Object(Symfony\Component\Console\Output\ConsoleOutput))
#52 C:\Users\Sony Vaio\PhpstormProjects\CodeFlix\artisan(35): Illuminate\Foundation\Console\Kernel->handle(Object(Symfony\Component\Console\Input\ArgvInput), Object(Symfony\Component\Console\Output\ConsoleOutput))
#53 {main}  
[2017-08-18 20:23:06] local.ERROR: PayPal\Exception\PayPalConnectionException: Connection timed out after 10000 milliseconds in C:\Users\Sony Vaio\PhpstormProjects\CodeFlix\vendor\paypal\rest-api-sdk-php\lib\PayPal\Core\PayPalHttpConnection.php:122
Stack trace:
#0 C:\Users\Sony Vaio\PhpstormProjects\CodeFlix\vendor\paypal\rest-api-sdk-php\lib\PayPal\Auth\OAuthTokenCredential.php(241): PayPal\Core\PayPalHttpConnection->execute('grant_type=clie...')
#1 C:\Users\Sony Vaio\PhpstormProjects\CodeFlix\vendor\paypal\rest-api-sdk-php\lib\PayPal\Auth\OAuthTokenCredential.php(266): PayPal\Auth\OAuthTokenCredential->getToken(Array, 'AZgZkaj-le8Sqoi...', 'EMTFK4hoOGerwBz...', 'grant_type=clie...')
#2 C:\Users\Sony Vaio\PhpstormProjects\CodeFlix\vendor\paypal\rest-api-sdk-php\lib\PayPal\Auth\OAuthTokenCredential.php(210): PayPal\Auth\OAuthTokenCredential->generateAccessToken(Array, NULL)
#3 C:\Users\Sony Vaio\PhpstormProjects\CodeFlix\vendor\paypal\rest-api-sdk-php\lib\PayPal\Auth\OAuthTokenCredential.php(160): PayPal\Auth\OAuthTokenCredential->updateAccessToken(Array)
#4 C:\Users\Sony Vaio\PhpstormProjects\CodeFlix\vendor\paypal\rest-api-sdk-php\lib\PayPal\Handler\RestHandler.php(82): PayPal\Auth\OAuthTokenCredential->getAccessToken(Array)
#5 C:\Users\Sony Vaio\PhpstormProjects\CodeFlix\vendor\paypal\rest-api-sdk-php\lib\PayPal\Transport\PayPalRestCall.php(70): PayPal\Handler\RestHandler->handle(Object(PayPal\Core\PayPalHttpConfig), '{"name":"Loja C...', Array)
#6 C:\Users\Sony Vaio\PhpstormProjects\CodeFlix\vendor\paypal\rest-api-sdk-php\lib\PayPal\Common\PayPalResourceModel.php(102): PayPal\Transport\PayPalRestCall->execute(Array, '/v1/payment-exp...', 'POST', '{"name":"Loja C...', Array)
#7 C:\Users\Sony Vaio\PhpstormProjects\CodeFlix\vendor\paypal\rest-api-sdk-php\lib\PayPal\Api\WebProfile.php(178): PayPal\Common\PayPalResourceModel::executeCall('/v1/payment-exp...', 'POST', '{"name":"Loja C...', NULL, Object(PayPal\Rest\ApiContext), Object(PayPal\Transport\PayPalRestCall))
#8 C:\Users\Sony Vaio\PhpstormProjects\CodeFlix\app\PayPal\WebProfileClient.php(57): PayPal\Api\WebProfile->create(Object(PayPal\Rest\ApiContext))
#9 C:\Users\Sony Vaio\PhpstormProjects\CodeFlix\app\Listeners\CreatePaypalWebProfileListener.php(45): CodeFlix\PayPal\WebProfileClient->create(Object(CodeFlix\Models\PaypalWebProfile))
#10 [internal function]: CodeFlix\Listeners\CreatePaypalWebProfileListener->handle(Object(Prettus\Repository\Events\RepositoryEntityCreated))
#11 C:\Users\Sony Vaio\PhpstormProjects\CodeFlix\vendor\laravel\framework\src\Illuminate\Events\Dispatcher.php(367): call_user_func_array(Array, Array)
#12 C:\Users\Sony Vaio\PhpstormProjects\CodeFlix\vendor\laravel\framework\src\Illuminate\Events\Dispatcher.php(199): Illuminate\Events\Dispatcher->Illuminate\Events\{closure}('Prettus\\Reposit...', Array)
#13 C:\Users\Sony Vaio\PhpstormProjects\CodeFlix\vendor\laravel\framework\src\Illuminate\Foundation\helpers.php(486): Illuminate\Events\Dispatcher->dispatch('Prettus\\Reposit...')
#14 C:\Users\Sony Vaio\PhpstormProjects\CodeFlix\vendor\prettus\l5-repository\src\Prettus\Repository\Eloquent\BaseRepository.php(556): event(Object(Prettus\Repository\Events\RepositoryEntityCreated))
#15 C:\Users\Sony Vaio\PhpstormProjects\CodeFlix\app\Repositories\PaypalWebProfileRepositoryEloquent.php(22): Prettus\Repository\Eloquent\BaseRepository->create(Array)
#16 C:\Users\Sony Vaio\PhpstormProjects\CodeFlix\app\Http\Controllers\Admin\PaypalWebProfilesController.php(65): CodeFlix\Repositories\PaypalWebProfileRepositoryEloquent->create(Array)
#17 [internal function]: CodeFlix\Http\Controllers\Admin\PaypalWebProfilesController->store(Object(Illuminate\Http\Request))
#18 C:\Users\Sony Vaio\PhpstormProjects\CodeFlix\vendor\laravel\framework\src\Illuminate\Routing\Controller.php(55): call_user_func_array(Array, Array)
#19 C:\Users\Sony Vaio\PhpstormProjects\CodeFlix\vendor\laravel\framework\src\Illuminate\Routing\ControllerDispatcher.php(44): Illuminate\Routing\Controller->callAction('store', Array)
#20 C:\Users\Sony Vaio\PhpstormProjects\CodeFlix\vendor\laravel\framework\src\Illuminate\Routing\Route.php(203): Illuminate\Routing\ControllerDispatcher->dispatch(Object(Illuminate\Routing\Route), Object(CodeFlix\Http\Controllers\Admin\PaypalWebProfilesController), 'store')
#21 C:\Users\Sony Vaio\PhpstormProjects\CodeFlix\vendor\laravel\framework\src\Illuminate\Routing\Route.php(160): Illuminate\Routing\Route->runController()
#22 C:\Users\Sony Vaio\PhpstormProjects\CodeFlix\vendor\laravel\framework\src\Illuminate\Routing\Router.php(559): Illuminate\Routing\Route->run()
#23 C:\Users\Sony Vaio\PhpstormProjects\CodeFlix\vendor\laravel\framework\src\Illuminate\Routing\Pipeline.php(30): Illuminate\Routing\Router->Illuminate\Routing\{closure}(Object(Illuminate\Http\Request))
#24 C:\Users\Sony Vaio\PhpstormProjects\CodeFlix\vendor\laravel\framework\src\Illuminate\Auth\Middleware\Authorize.php(57): Illuminate\Routing\Pipeline->Illuminate\Routing\{closure}(Object(Illuminate\Http\Request))
#25 C:\Users\Sony Vaio\PhpstormProjects\CodeFlix\vendor\laravel\framework\src\Illuminate\Pipeline\Pipeline.php(148): Illuminate\Auth\Middleware\Authorize->handle(Object(Illuminate\Http\Request), Object(Closure), 'admin')
#26 C:\Users\Sony Vaio\PhpstormProjects\CodeFlix\vendor\laravel\framework\src\Illuminate\Routing\Pipeline.php(53): Illuminate\Pipeline\Pipeline->Illuminate\Pipeline\{closure}(Object(Illuminate\Http\Request))
#27 C:\Users\Sony Vaio\PhpstormProjects\CodeFlix\vendor\jrean\laravel-user-verification\src\Middleware\IsVerified.php(29): Illuminate\Routing\Pipeline->Illuminate\Routing\{closure}(Object(Illuminate\Http\Request))
#28 C:\Users\Sony Vaio\PhpstormProjects\CodeFlix\vendor\laravel\framework\src\Illuminate\Pipeline\Pipeline.php(148): Jrean\UserVerification\Middleware\IsVerified->handle(Object(Illuminate\Http\Request), Object(Closure))
#29 C:\Users\Sony Vaio\PhpstormProjects\CodeFlix\vendor\laravel\framework\src\Illuminate\Routing\Pipeline.php(53): Illuminate\Pipeline\Pipeline->Illuminate\Pipeline\{closure}(Object(Illuminate\Http\Request))
#30 C:\Users\Sony Vaio\PhpstormProjects\CodeFlix\vendor\laravel\framework\src\Illuminate\Routing\Middleware\SubstituteBindings.php(41): Illuminate\Routing\Pipeline->Illuminate\Routing\{closure}(Object(Illuminate\Http\Request))
#31 C:\Users\Sony Vaio\PhpstormProjects\CodeFlix\vendor\laravel\framework\src\Illuminate\Pipeline\Pipeline.php(148): Illuminate\Routing\Middleware\SubstituteBindings->handle(Object(Illuminate\Http\Request), Object(Closure))
#32 C:\Users\Sony Vaio\PhpstormProjects\CodeFlix\vendor\laravel\framework\src\Illuminate\Routing\Pipeline.php(53): Illuminate\Pipeline\Pipeline->Illuminate\Pipeline\{closure}(Object(Illuminate\Http\Request))
#33 C:\Users\Sony Vaio\PhpstormProjects\CodeFlix\vendor\laravel\framework\src\Illuminate\Foundation\Http\Middleware\VerifyCsrfToken.php(65): Illuminate\Routing\Pipeline->Illuminate\Routing\{closure}(Object(Illuminate\Http\Request))
#34 C:\Users\Sony Vaio\PhpstormProjects\CodeFlix\vendor\laravel\framework\src\Illuminate\Pipeline\Pipeline.php(148): Illuminate\Foundation\Http\Middleware\VerifyCsrfToken->handle(Object(Illuminate\Http\Request), Object(Closure))
#35 C:\Users\Sony Vaio\PhpstormProjects\CodeFlix\vendor\laravel\framework\src\Illuminate\Routing\Pipeline.php(53): Illuminate\Pipeline\Pipeline->Illuminate\Pipeline\{closure}(Object(Illuminate\Http\Request))
#36 C:\Users\Sony Vaio\PhpstormProjects\CodeFlix\vendor\laravel\framework\src\Illuminate\View\Middleware\ShareErrorsFromSession.php(49): Illuminate\Routing\Pipeline->Illuminate\Routing\{closure}(Object(Illuminate\Http\Request))
#37 C:\Users\Sony Vaio\PhpstormProjects\CodeFlix\vendor\laravel\framework\src\Illuminate\Pipeline\Pipeline.php(148): Illuminate\View\Middleware\ShareErrorsFromSession->handle(Object(Illuminate\Http\Request), Object(Closure))
#38 C:\Users\Sony Vaio\PhpstormProjects\CodeFlix\vendor\laravel\framework\src\Illuminate\Routing\Pipeline.php(53): Illuminate\Pipeline\Pipeline->Illuminate\Pipeline\{closure}(Object(Illuminate\Http\Request))
#39 C:\Users\Sony Vaio\PhpstormProjects\CodeFlix\vendor\laravel\framework\src\Illuminate\Session\Middleware\StartSession.php(64): Illuminate\Routing\Pipeline->Illuminate\Routing\{closure}(Object(Illuminate\Http\Request))
#40 C:\Users\Sony Vaio\PhpstormProjects\CodeFlix\vendor\laravel\framework\src\Illuminate\Pipeline\Pipeline.php(148): Illuminate\Session\Middleware\StartSession->handle(Object(Illuminate\Http\Request), Object(Closure))
#41 C:\Users\Sony Vaio\PhpstormProjects\CodeFlix\vendor\laravel\framework\src\Illuminate\Routing\Pipeline.php(53): Illuminate\Pipeline\Pipeline->Illuminate\Pipeline\{closure}(Object(Illuminate\Http\Request))
#42 C:\Users\Sony Vaio\PhpstormProjects\CodeFlix\vendor\laravel\framework\src\Illuminate\Cookie\Middleware\AddQueuedCookiesToResponse.php(37): Illuminate\Routing\Pipeline->Illuminate\Routing\{closure}(Object(Illuminate\Http\Request))
#43 C:\Users\Sony Vaio\PhpstormProjects\CodeFlix\vendor\laravel\framework\src\Illuminate\Pipeline\Pipeline.php(148): Illuminate\Cookie\Middleware\AddQueuedCookiesToResponse->handle(Object(Illuminate\Http\Request), Object(Closure))
#44 C:\Users\Sony Vaio\PhpstormProjects\CodeFlix\vendor\laravel\framework\src\Illuminate\Routing\Pipeline.php(53): Illuminate\Pipeline\Pipeline->Illuminate\Pipeline\{closure}(Object(Illuminate\Http\Request))
#45 C:\Users\Sony Vaio\PhpstormProjects\CodeFlix\vendor\laravel\framework\src\Illuminate\Cookie\Middleware\EncryptCookies.php(59): Illuminate\Routing\Pipeline->Illuminate\Routing\{closure}(Object(Illuminate\Http\Request))
#46 C:\Users\Sony Vaio\PhpstormProjects\CodeFlix\vendor\laravel\framework\src\Illuminate\Pipeline\Pipeline.php(148): Illuminate\Cookie\Middleware\EncryptCookies->handle(Object(Illuminate\Http\Request), Object(Closure))
#47 C:\Users\Sony Vaio\PhpstormProjects\CodeFlix\vendor\laravel\framework\src\Illuminate\Routing\Pipeline.php(53): Illuminate\Pipeline\Pipeline->Illuminate\Pipeline\{closure}(Object(Illuminate\Http\Request))
#48 C:\Users\Sony Vaio\PhpstormProjects\CodeFlix\vendor\laravel\framework\src\Illuminate\Pipeline\Pipeline.php(102): Illuminate\Routing\Pipeline->Illuminate\Routing\{closure}(Object(Illuminate\Http\Request))
#49 C:\Users\Sony Vaio\PhpstormProjects\CodeFlix\vendor\laravel\framework\src\Illuminate\Routing\Router.php(561): Illuminate\Pipeline\Pipeline->then(Object(Closure))
#50 C:\Users\Sony Vaio\PhpstormProjects\CodeFlix\vendor\laravel\framework\src\Illuminate\Routing\Router.php(520): Illuminate\Routing\Router->runRouteWithinStack(Object(Illuminate\Routing\Route), Object(Illuminate\Http\Request))
#51 C:\Users\Sony Vaio\PhpstormProjects\CodeFlix\vendor\laravel\framework\src\Illuminate\Routing\Router.php(498): Illuminate\Routing\Router->dispatchToRoute(Object(Illuminate\Http\Request))
#52 C:\Users\Sony Vaio\PhpstormProjects\CodeFlix\vendor\laravel\framework\src\Illuminate\Foundation\Http\Kernel.php(174): Illuminate\Routing\Router->dispatch(Object(Illuminate\Http\Request))
#53 C:\Users\Sony Vaio\PhpstormProjects\CodeFlix\vendor\laravel\framework\src\Illuminate\Routing\Pipeline.php(30): Illuminate\Foundation\Http\Kernel->Illuminate\Foundation\Http\{closure}(Object(Illuminate\Http\Request))
#54 C:\Users\Sony Vaio\PhpstormProjects\CodeFlix\vendor\barryvdh\laravel-cors\src\HandleCors.php(36): Illuminate\Routing\Pipeline->Illuminate\Routing\{closure}(Object(Illuminate\Http\Request))
#55 C:\Users\Sony Vaio\PhpstormProjects\CodeFlix\vendor\laravel\framework\src\Illuminate\Pipeline\Pipeline.php(148): Barryvdh\Cors\HandleCors->handle(Object(Illuminate\Http\Request), Object(Closure))
#56 C:\Users\Sony Vaio\PhpstormProjects\CodeFlix\vendor\laravel\framework\src\Illuminate\Routing\Pipeline.php(53): Illuminate\Pipeline\Pipeline->Illuminate\Pipeline\{closure}(Object(Illuminate\Http\Request))
#57 C:\Users\Sony Vaio\PhpstormProjects\CodeFlix\vendor\laravel\framework\src\Illuminate\Foundation\Http\Middleware\TransformsRequest.php(30): Illuminate\Routing\Pipeline->Illuminate\Routing\{closure}(Object(Illuminate\Http\Request))
#58 C:\Users\Sony Vaio\PhpstormProjects\CodeFlix\vendor\laravel\framework\src\Illuminate\Pipeline\Pipeline.php(148): Illuminate\Foundation\Http\Middleware\TransformsRequest->handle(Object(Illuminate\Http\Request), Object(Closure))
#59 C:\Users\Sony Vaio\PhpstormProjects\CodeFlix\vendor\laravel\framework\src\Illuminate\Routing\Pipeline.php(53): Illuminate\Pipeline\Pipeline->Illuminate\Pipeline\{closure}(Object(Illuminate\Http\Request))
#60 C:\Users\Sony Vaio\PhpstormProjects\CodeFlix\vendor\laravel\framework\src\Illuminate\Foundation\Http\Middleware\TransformsRequest.php(30): Illuminate\Routing\Pipeline->Illuminate\Routing\{closure}(Object(Illuminate\Http\Request))
#61 C:\Users\Sony Vaio\PhpstormProjects\CodeFlix\vendor\laravel\framework\src\Illuminate\Pipeline\Pipeline.php(148): Illuminate\Foundation\Http\Middleware\TransformsRequest->handle(Object(Illuminate\Http\Request), Object(Closure))
#62 C:\Users\Sony Vaio\PhpstormProjects\CodeFlix\vendor\laravel\framework\src\Illuminate\Routing\Pipeline.php(53): Illuminate\Pipeline\Pipeline->Illuminate\Pipeline\{closure}(Object(Illuminate\Http\Request))
#63 C:\Users\Sony Vaio\PhpstormProjects\CodeFlix\vendor\laravel\framework\src\Illuminate\Foundation\Http\Middleware\ValidatePostSize.php(27): Illuminate\Routing\Pipeline->Illuminate\Routing\{closure}(Object(Illuminate\Http\Request))
#64 C:\Users\Sony Vaio\PhpstormProjects\CodeFlix\vendor\laravel\framework\src\Illuminate\Pipeline\Pipeline.php(148): Illuminate\Foundation\Http\Middleware\ValidatePostSize->handle(Object(Illuminate\Http\Request), Object(Closure))
#65 C:\Users\Sony Vaio\PhpstormProjects\CodeFlix\vendor\laravel\framework\src\Illuminate\Routing\Pipeline.php(53): Illuminate\Pipeline\Pipeline->Illuminate\Pipeline\{closure}(Object(Illuminate\Http\Request))
#66 C:\Users\Sony Vaio\PhpstormProjects\CodeFlix\vendor\laravel\framework\src\Illuminate\Foundation\Http\Middleware\CheckForMaintenanceMode.php(46): Illuminate\Routing\Pipeline->Illuminate\Routing\{closure}(Object(Illuminate\Http\Request))
#67 C:\Users\Sony Vaio\PhpstormProjects\CodeFlix\vendor\laravel\framework\src\Illuminate\Pipeline\Pipeline.php(148): Illuminate\Foundation\Http\Middleware\CheckForMaintenanceMode->handle(Object(Illuminate\Http\Request), Object(Closure))
#68 C:\Users\Sony Vaio\PhpstormProjects\CodeFlix\vendor\laravel\framework\src\Illuminate\Routing\Pipeline.php(53): Illuminate\Pipeline\Pipeline->Illuminate\Pipeline\{closure}(Object(Illuminate\Http\Request))
#69 C:\Users\Sony Vaio\PhpstormProjects\CodeFlix\vendor\dingo\api\src\Http\Middleware\Request.php(111): Illuminate\Routing\Pipeline->Illuminate\Routing\{closure}(Object(Illuminate\Http\Request))
#70 C:\Users\Sony Vaio\PhpstormProjects\CodeFlix\vendor\laravel\framework\src\Illuminate\Pipeline\Pipeline.php(148): Dingo\Api\Http\Middleware\Request->handle(Object(Illuminate\Http\Request), Object(Closure))
#71 C:\Users\Sony Vaio\PhpstormProjects\CodeFlix\vendor\laravel\framework\src\Illuminate\Routing\Pipeline.php(53): Illuminate\Pipeline\Pipeline->Illuminate\Pipeline\{closure}(Object(Illuminate\Http\Request))
#72 C:\Users\Sony Vaio\PhpstormProjects\CodeFlix\vendor\laravel\framework\src\Illuminate\Pipeline\Pipeline.php(102): Illuminate\Routing\Pipeline->Illuminate\Routing\{closure}(Object(Illuminate\Http\Request))
#73 C:\Users\Sony Vaio\PhpstormProjects\CodeFlix\vendor\laravel\framework\src\Illuminate\Foundation\Http\Kernel.php(149): Illuminate\Pipeline\Pipeline->then(Object(Closure))
#74 C:\Users\Sony Vaio\PhpstormProjects\CodeFlix\vendor\laravel\framework\src\Illuminate\Foundation\Http\Kernel.php(116): Illuminate\Foundation\Http\Kernel->sendRequestThroughRouter(Object(Illuminate\Http\Request))
#75 C:\Users\Sony Vaio\PhpstormProjects\CodeFlix\public\index.php(53): Illuminate\Foundation\Http\Kernel->handle(Object(Illuminate\Http\Request))
#76 C:\Users\Sony Vaio\PhpstormProjects\CodeFlix\server.php(21): require_once('C:\\Users\\Sony V...')
#77 {main}  
[2017-09-06 03:36:50] local.ERROR: Tymon\JWTAuth\Exceptions\JWTException: The token could not be parsed from the request in C:\Users\Nilton\PhpstormProjects\CodeFlix\vendor\tymon\jwt-auth\src\JWT.php:176
Stack trace:
#0 C:\Users\Nilton\PhpstormProjects\CodeFlix\app\Auth\JwtProvider.php(54): Tymon\JWTAuth\JWT->parseToken()
#1 C:\Users\Nilton\PhpstormProjects\CodeFlix\app\Auth\JwtProvider.php(47): CodeFlix\Auth\JwtProvider->refreshToken()
#2 C:\Users\Nilton\PhpstormProjects\CodeFlix\vendor\dingo\api\src\Auth\Auth.php(82): CodeFlix\Auth\JwtProvider->authenticate(Object(Dingo\Api\Http\Request), Object(Dingo\Api\Routing\Route))
#3 C:\Users\Nilton\PhpstormProjects\CodeFlix\vendor\dingo\api\src\Http\Middleware\Auth.php(52): Dingo\Api\Auth\Auth->authenticate(Array)
#4 C:\Users\Nilton\PhpstormProjects\CodeFlix\vendor\laravel\framework\src\Illuminate\Pipeline\Pipeline.php(148): Dingo\Api\Http\Middleware\Auth->handle(Object(Dingo\Api\Http\Request), Object(Closure))
#5 C:\Users\Nilton\PhpstormProjects\CodeFlix\vendor\laravel\framework\src\Illuminate\Routing\Pipeline.php(53): Illuminate\Pipeline\Pipeline->Illuminate\Pipeline\{closure}(Object(Dingo\Api\Http\Request))
#6 C:\Users\Nilton\PhpstormProjects\CodeFlix\vendor\dingo\api\src\Http\Middleware\RateLimit.php(70): Illuminate\Routing\Pipeline->Illuminate\Routing\{closure}(Object(Dingo\Api\Http\Request))
#7 C:\Users\Nilton\PhpstormProjects\CodeFlix\vendor\laravel\framework\src\Illuminate\Pipeline\Pipeline.php(148): Dingo\Api\Http\Middleware\RateLimit->handle(Object(Dingo\Api\Http\Request), Object(Closure))
#8 C:\Users\Nilton\PhpstormProjects\CodeFlix\vendor\laravel\framework\src\Illuminate\Routing\Pipeline.php(53): Illuminate\Pipeline\Pipeline->Illuminate\Pipeline\{closure}(Object(Dingo\Api\Http\Request))
#9 C:\Users\Nilton\PhpstormProjects\CodeFlix\vendor\laravel\framework\src\Illuminate\Routing\Middleware\SubstituteBindings.php(41): Illuminate\Routing\Pipeline->Illuminate\Routing\{closure}(Object(Dingo\Api\Http\Request))
#10 C:\Users\Nilton\PhpstormProjects\CodeFlix\vendor\laravel\framework\src\Illuminate\Pipeline\Pipeline.php(148): Illuminate\Routing\Middleware\SubstituteBindings->handle(Object(Dingo\Api\Http\Request), Object(Closure))
#11 C:\Users\Nilton\PhpstormProjects\CodeFlix\vendor\laravel\framework\src\Illuminate\Routing\Pipeline.php(53): Illuminate\Pipeline\Pipeline->Illuminate\Pipeline\{closure}(Object(Dingo\Api\Http\Request))
#12 C:\Users\Nilton\PhpstormProjects\CodeFlix\vendor\dingo\api\src\Http\Middleware\PrepareController.php(45): Illuminate\Routing\Pipeline->Illuminate\Routing\{closure}(Object(Dingo\Api\Http\Request))
#13 C:\Users\Nilton\PhpstormProjects\CodeFlix\vendor\laravel\framework\src\Illuminate\Pipeline\Pipeline.php(148): Dingo\Api\Http\Middleware\PrepareController->handle(Object(Dingo\Api\Http\Request), Object(Closure))
#14 C:\Users\Nilton\PhpstormProjects\CodeFlix\vendor\laravel\framework\src\Illuminate\Routing\Pipeline.php(53): Illuminate\Pipeline\Pipeline->Illuminate\Pipeline\{closure}(Object(Dingo\Api\Http\Request))
#15 C:\Users\Nilton\PhpstormProjects\CodeFlix\vendor\laravel\framework\src\Illuminate\Pipeline\Pipeline.php(102): Illuminate\Routing\Pipeline->Illuminate\Routing\{closure}(Object(Dingo\Api\Http\Request))
#16 C:\Users\Nilton\PhpstormProjects\CodeFlix\vendor\laravel\framework\src\Illuminate\Routing\Router.php(561): Illuminate\Pipeline\Pipeline->then(Object(Closure))
#17 C:\Users\Nilton\PhpstormProjects\CodeFlix\vendor\laravel\framework\src\Illuminate\Routing\Router.php(520): Illuminate\Routing\Router->runRouteWithinStack(Object(Illuminate\Routing\Route), Object(Dingo\Api\Http\Request))
#18 C:\Users\Nilton\PhpstormProjects\CodeFlix\vendor\laravel\framework\src\Illuminate\Routing\Router.php(498): Illuminate\Routing\Router->dispatchToRoute(Object(Dingo\Api\Http\Request))
#19 C:\Users\Nilton\PhpstormProjects\CodeFlix\vendor\dingo\api\src\Routing\Adapter\Laravel.php(81): Illuminate\Routing\Router->dispatch(Object(Dingo\Api\Http\Request))
#20 C:\Users\Nilton\PhpstormProjects\CodeFlix\vendor\dingo\api\src\Routing\Router.php(513): Dingo\Api\Routing\Adapter\Laravel->dispatch(Object(Dingo\Api\Http\Request), 'v1')
#21 C:\Users\Nilton\PhpstormProjects\CodeFlix\vendor\dingo\api\src\Http\Middleware\Request.php(126): Dingo\Api\Routing\Router->dispatch(Object(Dingo\Api\Http\Request))
#22 C:\Users\Nilton\PhpstormProjects\CodeFlix\vendor\laravel\framework\src\Illuminate\Pipeline\Pipeline.php(114): Dingo\Api\Http\Middleware\Request->Dingo\Api\Http\Middleware\{closure}(Object(Dingo\Api\Http\Request))
#23 C:\Users\Nilton\PhpstormProjects\CodeFlix\vendor\barryvdh\laravel-cors\src\HandleCors.php(58): Illuminate\Pipeline\Pipeline->Illuminate\Pipeline\{closure}(Object(Dingo\Api\Http\Request))
#24 C:\Users\Nilton\PhpstormProjects\CodeFlix\vendor\laravel\framework\src\Illuminate\Pipeline\Pipeline.php(148): Barryvdh\Cors\HandleCors->handle(Object(Dingo\Api\Http\Request), Object(Closure))
#25 C:\Users\Nilton\PhpstormProjects\CodeFlix\vendor\laravel\framework\src\Illuminate\Foundation\Http\Middleware\TransformsRequest.php(30): Illuminate\Pipeline\Pipeline->Illuminate\Pipeline\{closure}(Object(Dingo\Api\Http\Request))
#26 C:\Users\Nilton\PhpstormProjects\CodeFlix\vendor\laravel\framework\src\Illuminate\Pipeline\Pipeline.php(148): Illuminate\Foundation\Http\Middleware\TransformsRequest->handle(Object(Dingo\Api\Http\Request), Object(Closure))
#27 C:\Users\Nilton\PhpstormProjects\CodeFlix\vendor\laravel\framework\src\Illuminate\Foundation\Http\Middleware\TransformsRequest.php(30): Illuminate\Pipeline\Pipeline->Illuminate\Pipeline\{closure}(Object(Dingo\Api\Http\Request))
#28 C:\Users\Nilton\PhpstormProjects\CodeFlix\vendor\laravel\framework\src\Illuminate\Pipeline\Pipeline.php(148): Illuminate\Foundation\Http\Middleware\TransformsRequest->handle(Object(Dingo\Api\Http\Request), Object(Closure))
#29 C:\Users\Nilton\PhpstormProjects\CodeFlix\vendor\laravel\framework\src\Illuminate\Foundation\Http\Middleware\ValidatePostSize.php(27): Illuminate\Pipeline\Pipeline->Illuminate\Pipeline\{closure}(Object(Dingo\Api\Http\Request))
#30 C:\Users\Nilton\PhpstormProjects\CodeFlix\vendor\laravel\framework\src\Illuminate\Pipeline\Pipeline.php(148): Illuminate\Foundation\Http\Middleware\ValidatePostSize->handle(Object(Dingo\Api\Http\Request), Object(Closure))
#31 C:\Users\Nilton\PhpstormProjects\CodeFlix\vendor\laravel\framework\src\Illuminate\Foundation\Http\Middleware\CheckForMaintenanceMode.php(46): Illuminate\Pipeline\Pipeline->Illuminate\Pipeline\{closure}(Object(Dingo\Api\Http\Request))
#32 C:\Users\Nilton\PhpstormProjects\CodeFlix\vendor\laravel\framework\src\Illuminate\Pipeline\Pipeline.php(148): Illuminate\Foundation\Http\Middleware\CheckForMaintenanceMode->handle(Object(Dingo\Api\Http\Request), Object(Closure))
#33 C:\Users\Nilton\PhpstormProjects\CodeFlix\vendor\laravel\framework\src\Illuminate\Pipeline\Pipeline.php(102): Illuminate\Pipeline\Pipeline->Illuminate\Pipeline\{closure}(Object(Dingo\Api\Http\Request))
#34 C:\Users\Nilton\PhpstormProjects\CodeFlix\vendor\dingo\api\src\Http\Middleware\Request.php(127): Illuminate\Pipeline\Pipeline->then(Object(Closure))
#35 C:\Users\Nilton\PhpstormProjects\CodeFlix\vendor\dingo\api\src\Http\Middleware\Request.php(103): Dingo\Api\Http\Middleware\Request->sendRequestThroughRouter(Object(Dingo\Api\Http\Request))
#36 C:\Users\Nilton\PhpstormProjects\CodeFlix\vendor\laravel\framework\src\Illuminate\Pipeline\Pipeline.php(148): Dingo\Api\Http\Middleware\Request->handle(Object(Dingo\Api\Http\Request), Object(Closure))
#37 C:\Users\Nilton\PhpstormProjects\CodeFlix\vendor\laravel\framework\src\Illuminate\Routing\Pipeline.php(53): Illuminate\Pipeline\Pipeline->Illuminate\Pipeline\{closure}(Object(Illuminate\Http\Request))
#38 C:\Users\Nilton\PhpstormProjects\CodeFlix\vendor\laravel\framework\src\Illuminate\Pipeline\Pipeline.php(102): Illuminate\Routing\Pipeline->Illuminate\Routing\{closure}(Object(Illuminate\Http\Request))
#39 C:\Users\Nilton\PhpstormProjects\CodeFlix\vendor\laravel\framework\src\Illuminate\Foundation\Http\Kernel.php(149): Illuminate\Pipeline\Pipeline->then(Object(Closure))
#40 C:\Users\Nilton\PhpstormProjects\CodeFlix\vendor\laravel\framework\src\Illuminate\Foundation\Http\Kernel.php(116): Illuminate\Foundation\Http\Kernel->sendRequestThroughRouter(Object(Illuminate\Http\Request))
#41 C:\Users\Nilton\PhpstormProjects\CodeFlix\public\index.php(53): Illuminate\Foundation\Http\Kernel->handle(Object(Illuminate\Http\Request))
#42 C:\Users\Nilton\PhpstormProjects\CodeFlix\server.php(21): require_once('C:\\Users\\Nilton...')
#43 {main}  
[2017-09-06 03:36:50] local.ERROR: Tymon\JWTAuth\Exceptions\JWTException: The token could not be parsed from the request in C:\Users\Nilton\PhpstormProjects\CodeFlix\vendor\tymon\jwt-auth\src\JWT.php:176
Stack trace:
#0 C:\Users\Nilton\PhpstormProjects\CodeFlix\app\Auth\JwtProvider.php(54): Tymon\JWTAuth\JWT->parseToken()
#1 C:\Users\Nilton\PhpstormProjects\CodeFlix\app\Auth\JwtProvider.php(47): CodeFlix\Auth\JwtProvider->refreshToken()
#2 C:\Users\Nilton\PhpstormProjects\CodeFlix\vendor\dingo\api\src\Auth\Auth.php(82): CodeFlix\Auth\JwtProvider->authenticate(Object(Dingo\Api\Http\Request), Object(Dingo\Api\Routing\Route))
#3 C:\Users\Nilton\PhpstormProjects\CodeFlix\vendor\dingo\api\src\Http\Middleware\Auth.php(52): Dingo\Api\Auth\Auth->authenticate(Array)
#4 C:\Users\Nilton\PhpstormProjects\CodeFlix\vendor\laravel\framework\src\Illuminate\Pipeline\Pipeline.php(148): Dingo\Api\Http\Middleware\Auth->handle(Object(Dingo\Api\Http\Request), Object(Closure))
#5 C:\Users\Nilton\PhpstormProjects\CodeFlix\vendor\laravel\framework\src\Illuminate\Routing\Pipeline.php(53): Illuminate\Pipeline\Pipeline->Illuminate\Pipeline\{closure}(Object(Dingo\Api\Http\Request))
#6 C:\Users\Nilton\PhpstormProjects\CodeFlix\vendor\dingo\api\src\Http\Middleware\RateLimit.php(70): Illuminate\Routing\Pipeline->Illuminate\Routing\{closure}(Object(Dingo\Api\Http\Request))
#7 C:\Users\Nilton\PhpstormProjects\CodeFlix\vendor\laravel\framework\src\Illuminate\Pipeline\Pipeline.php(148): Dingo\Api\Http\Middleware\RateLimit->handle(Object(Dingo\Api\Http\Request), Object(Closure))
#8 C:\Users\Nilton\PhpstormProjects\CodeFlix\vendor\laravel\framework\src\Illuminate\Routing\Pipeline.php(53): Illuminate\Pipeline\Pipeline->Illuminate\Pipeline\{closure}(Object(Dingo\Api\Http\Request))
#9 C:\Users\Nilton\PhpstormProjects\CodeFlix\vendor\laravel\framework\src\Illuminate\Routing\Middleware\SubstituteBindings.php(41): Illuminate\Routing\Pipeline->Illuminate\Routing\{closure}(Object(Dingo\Api\Http\Request))
#10 C:\Users\Nilton\PhpstormProjects\CodeFlix\vendor\laravel\framework\src\Illuminate\Pipeline\Pipeline.php(148): Illuminate\Routing\Middleware\SubstituteBindings->handle(Object(Dingo\Api\Http\Request), Object(Closure))
#11 C:\Users\Nilton\PhpstormProjects\CodeFlix\vendor\laravel\framework\src\Illuminate\Routing\Pipeline.php(53): Illuminate\Pipeline\Pipeline->Illuminate\Pipeline\{closure}(Object(Dingo\Api\Http\Request))
#12 C:\Users\Nilton\PhpstormProjects\CodeFlix\vendor\dingo\api\src\Http\Middleware\PrepareController.php(45): Illuminate\Routing\Pipeline->Illuminate\Routing\{closure}(Object(Dingo\Api\Http\Request))
#13 C:\Users\Nilton\PhpstormProjects\CodeFlix\vendor\laravel\framework\src\Illuminate\Pipeline\Pipeline.php(148): Dingo\Api\Http\Middleware\PrepareController->handle(Object(Dingo\Api\Http\Request), Object(Closure))
#14 C:\Users\Nilton\PhpstormProjects\CodeFlix\vendor\laravel\framework\src\Illuminate\Routing\Pipeline.php(53): Illuminate\Pipeline\Pipeline->Illuminate\Pipeline\{closure}(Object(Dingo\Api\Http\Request))
#15 C:\Users\Nilton\PhpstormProjects\CodeFlix\vendor\laravel\framework\src\Illuminate\Pipeline\Pipeline.php(102): Illuminate\Routing\Pipeline->Illuminate\Routing\{closure}(Object(Dingo\Api\Http\Request))
#16 C:\Users\Nilton\PhpstormProjects\CodeFlix\vendor\laravel\framework\src\Illuminate\Routing\Router.php(561): Illuminate\Pipeline\Pipeline->then(Object(Closure))
#17 C:\Users\Nilton\PhpstormProjects\CodeFlix\vendor\laravel\framework\src\Illuminate\Routing\Router.php(520): Illuminate\Routing\Router->runRouteWithinStack(Object(Illuminate\Routing\Route), Object(Dingo\Api\Http\Request))
#18 C:\Users\Nilton\PhpstormProjects\CodeFlix\vendor\laravel\framework\src\Illuminate\Routing\Router.php(498): Illuminate\Routing\Router->dispatchToRoute(Object(Dingo\Api\Http\Request))
#19 C:\Users\Nilton\PhpstormProjects\CodeFlix\vendor\dingo\api\src\Routing\Adapter\Laravel.php(81): Illuminate\Routing\Router->dispatch(Object(Dingo\Api\Http\Request))
#20 C:\Users\Nilton\PhpstormProjects\CodeFlix\vendor\dingo\api\src\Routing\Router.php(513): Dingo\Api\Routing\Adapter\Laravel->dispatch(Object(Dingo\Api\Http\Request), 'v1')
#21 C:\Users\Nilton\PhpstormProjects\CodeFlix\vendor\dingo\api\src\Http\Middleware\Request.php(126): Dingo\Api\Routing\Router->dispatch(Object(Dingo\Api\Http\Request))
#22 C:\Users\Nilton\PhpstormProjects\CodeFlix\vendor\laravel\framework\src\Illuminate\Pipeline\Pipeline.php(114): Dingo\Api\Http\Middleware\Request->Dingo\Api\Http\Middleware\{closure}(Object(Dingo\Api\Http\Request))
#23 C:\Users\Nilton\PhpstormProjects\CodeFlix\vendor\barryvdh\laravel-cors\src\HandleCors.php(58): Illuminate\Pipeline\Pipeline->Illuminate\Pipeline\{closure}(Object(Dingo\Api\Http\Request))
#24 C:\Users\Nilton\PhpstormProjects\CodeFlix\vendor\laravel\framework\src\Illuminate\Pipeline\Pipeline.php(148): Barryvdh\Cors\HandleCors->handle(Object(Dingo\Api\Http\Request), Object(Closure))
#25 C:\Users\Nilton\PhpstormProjects\CodeFlix\vendor\laravel\framework\src\Illuminate\Foundation\Http\Middleware\TransformsRequest.php(30): Illuminate\Pipeline\Pipeline->Illuminate\Pipeline\{closure}(Object(Dingo\Api\Http\Request))
#26 C:\Users\Nilton\PhpstormProjects\CodeFlix\vendor\laravel\framework\src\Illuminate\Pipeline\Pipeline.php(148): Illuminate\Foundation\Http\Middleware\TransformsRequest->handle(Object(Dingo\Api\Http\Request), Object(Closure))
#27 C:\Users\Nilton\PhpstormProjects\CodeFlix\vendor\laravel\framework\src\Illuminate\Foundation\Http\Middleware\TransformsRequest.php(30): Illuminate\Pipeline\Pipeline->Illuminate\Pipeline\{closure}(Object(Dingo\Api\Http\Request))
#28 C:\Users\Nilton\PhpstormProjects\CodeFlix\vendor\laravel\framework\src\Illuminate\Pipeline\Pipeline.php(148): Illuminate\Foundation\Http\Middleware\TransformsRequest->handle(Object(Dingo\Api\Http\Request), Object(Closure))
#29 C:\Users\Nilton\PhpstormProjects\CodeFlix\vendor\laravel\framework\src\Illuminate\Foundation\Http\Middleware\ValidatePostSize.php(27): Illuminate\Pipeline\Pipeline->Illuminate\Pipeline\{closure}(Object(Dingo\Api\Http\Request))
#30 C:\Users\Nilton\PhpstormProjects\CodeFlix\vendor\laravel\framework\src\Illuminate\Pipeline\Pipeline.php(148): Illuminate\Foundation\Http\Middleware\ValidatePostSize->handle(Object(Dingo\Api\Http\Request), Object(Closure))
#31 C:\Users\Nilton\PhpstormProjects\CodeFlix\vendor\laravel\framework\src\Illuminate\Foundation\Http\Middleware\CheckForMaintenanceMode.php(46): Illuminate\Pipeline\Pipeline->Illuminate\Pipeline\{closure}(Object(Dingo\Api\Http\Request))
#32 C:\Users\Nilton\PhpstormProjects\CodeFlix\vendor\laravel\framework\src\Illuminate\Pipeline\Pipeline.php(148): Illuminate\Foundation\Http\Middleware\CheckForMaintenanceMode->handle(Object(Dingo\Api\Http\Request), Object(Closure))
#33 C:\Users\Nilton\PhpstormProjects\CodeFlix\vendor\laravel\framework\src\Illuminate\Pipeline\Pipeline.php(102): Illuminate\Pipeline\Pipeline->Illuminate\Pipeline\{closure}(Object(Dingo\Api\Http\Request))
#34 C:\Users\Nilton\PhpstormProjects\CodeFlix\vendor\dingo\api\src\Http\Middleware\Request.php(127): Illuminate\Pipeline\Pipeline->then(Object(Closure))
#35 C:\Users\Nilton\PhpstormProjects\CodeFlix\vendor\dingo\api\src\Http\Middleware\Request.php(103): Dingo\Api\Http\Middleware\Request->sendRequestThroughRouter(Object(Dingo\Api\Http\Request))
#36 C:\Users\Nilton\PhpstormProjects\CodeFlix\vendor\laravel\framework\src\Illuminate\Pipeline\Pipeline.php(148): Dingo\Api\Http\Middleware\Request->handle(Object(Dingo\Api\Http\Request), Object(Closure))
#37 C:\Users\Nilton\PhpstormProjects\CodeFlix\vendor\laravel\framework\src\Illuminate\Routing\Pipeline.php(53): Illuminate\Pipeline\Pipeline->Illuminate\Pipeline\{closure}(Object(Illuminate\Http\Request))
#38 C:\Users\Nilton\PhpstormProjects\CodeFlix\vendor\laravel\framework\src\Illuminate\Pipeline\Pipeline.php(102): Illuminate\Routing\Pipeline->Illuminate\Routing\{closure}(Object(Illuminate\Http\Request))
#39 C:\Users\Nilton\PhpstormProjects\CodeFlix\vendor\laravel\framework\src\Illuminate\Foundation\Http\Kernel.php(149): Illuminate\Pipeline\Pipeline->then(Object(Closure))
#40 C:\Users\Nilton\PhpstormProjects\CodeFlix\vendor\laravel\framework\src\Illuminate\Foundation\Http\Kernel.php(116): Illuminate\Foundation\Http\Kernel->sendRequestThroughRouter(Object(Illuminate\Http\Request))
#41 C:\Users\Nilton\PhpstormProjects\CodeFlix\public\index.php(53): Illuminate\Foundation\Http\Kernel->handle(Object(Illuminate\Http\Request))
#42 C:\Users\Nilton\PhpstormProjects\CodeFlix\server.php(21): require_once('C:\\Users\\Nilton...')
#43 {main}  
[2017-09-08 18:59:56] local.ERROR: Tymon\JWTAuth\Exceptions\TokenInvalidException: Wrong number of segments in C:\Users\Nilton\PhpstormProjects\CodeFlix\vendor\tymon\jwt-auth\src\Validators\TokenValidator.php:42
Stack trace:
#0 C:\Users\Nilton\PhpstormProjects\CodeFlix\vendor\tymon\jwt-auth\src\Validators\TokenValidator.php(27): Tymon\JWTAuth\Validators\TokenValidator->validateStructure('omVN57JmhYnCqTA...')
#1 C:\Users\Nilton\PhpstormProjects\CodeFlix\vendor\tymon\jwt-auth\src\Token.php(32): Tymon\JWTAuth\Validators\TokenValidator->check('omVN57JmhYnCqTA...')
#2 C:\Users\Nilton\PhpstormProjects\CodeFlix\vendor\tymon\jwt-auth\src\JWT.php(253): Tymon\JWTAuth\Token->__construct('omVN57JmhYnCqTA...')
#3 C:\Users\Nilton\PhpstormProjects\CodeFlix\vendor\tymon\jwt-auth\src\JWT.php(179): Tymon\JWTAuth\JWT->setToken('omVN57JmhYnCqTA...')
#4 C:\Users\Nilton\PhpstormProjects\CodeFlix\app\Auth\JwtProvider.php(54): Tymon\JWTAuth\JWT->parseToken()
#5 C:\Users\Nilton\PhpstormProjects\CodeFlix\app\Auth\JwtProvider.php(47): CodeFlix\Auth\JwtProvider->refreshToken()
#6 C:\Users\Nilton\PhpstormProjects\CodeFlix\vendor\dingo\api\src\Auth\Auth.php(82): CodeFlix\Auth\JwtProvider->authenticate(Object(Dingo\Api\Http\Request), Object(Dingo\Api\Routing\Route))
#7 C:\Users\Nilton\PhpstormProjects\CodeFlix\vendor\dingo\api\src\Http\Middleware\Auth.php(52): Dingo\Api\Auth\Auth->authenticate(Array)
#8 C:\Users\Nilton\PhpstormProjects\CodeFlix\vendor\laravel\framework\src\Illuminate\Pipeline\Pipeline.php(148): Dingo\Api\Http\Middleware\Auth->handle(Object(Dingo\Api\Http\Request), Object(Closure))
#9 C:\Users\Nilton\PhpstormProjects\CodeFlix\vendor\laravel\framework\src\Illuminate\Routing\Pipeline.php(53): Illuminate\Pipeline\Pipeline->Illuminate\Pipeline\{closure}(Object(Dingo\Api\Http\Request))
#10 C:\Users\Nilton\PhpstormProjects\CodeFlix\vendor\dingo\api\src\Http\Middleware\RateLimit.php(70): Illuminate\Routing\Pipeline->Illuminate\Routing\{closure}(Object(Dingo\Api\Http\Request))
#11 C:\Users\Nilton\PhpstormProjects\CodeFlix\vendor\laravel\framework\src\Illuminate\Pipeline\Pipeline.php(148): Dingo\Api\Http\Middleware\RateLimit->handle(Object(Dingo\Api\Http\Request), Object(Closure))
#12 C:\Users\Nilton\PhpstormProjects\CodeFlix\vendor\laravel\framework\src\Illuminate\Routing\Pipeline.php(53): Illuminate\Pipeline\Pipeline->Illuminate\Pipeline\{closure}(Object(Dingo\Api\Http\Request))
#13 C:\Users\Nilton\PhpstormProjects\CodeFlix\vendor\laravel\framework\src\Illuminate\Routing\Middleware\SubstituteBindings.php(41): Illuminate\Routing\Pipeline->Illuminate\Routing\{closure}(Object(Dingo\Api\Http\Request))
#14 C:\Users\Nilton\PhpstormProjects\CodeFlix\vendor\laravel\framework\src\Illuminate\Pipeline\Pipeline.php(148): Illuminate\Routing\Middleware\SubstituteBindings->handle(Object(Dingo\Api\Http\Request), Object(Closure))
#15 C:\Users\Nilton\PhpstormProjects\CodeFlix\vendor\laravel\framework\src\Illuminate\Routing\Pipeline.php(53): Illuminate\Pipeline\Pipeline->Illuminate\Pipeline\{closure}(Object(Dingo\Api\Http\Request))
#16 C:\Users\Nilton\PhpstormProjects\CodeFlix\vendor\dingo\api\src\Http\Middleware\PrepareController.php(45): Illuminate\Routing\Pipeline->Illuminate\Routing\{closure}(Object(Dingo\Api\Http\Request))
#17 C:\Users\Nilton\PhpstormProjects\CodeFlix\vendor\laravel\framework\src\Illuminate\Pipeline\Pipeline.php(148): Dingo\Api\Http\Middleware\PrepareController->handle(Object(Dingo\Api\Http\Request), Object(Closure))
#18 C:\Users\Nilton\PhpstormProjects\CodeFlix\vendor\laravel\framework\src\Illuminate\Routing\Pipeline.php(53): Illuminate\Pipeline\Pipeline->Illuminate\Pipeline\{closure}(Object(Dingo\Api\Http\Request))
#19 C:\Users\Nilton\PhpstormProjects\CodeFlix\vendor\laravel\framework\src\Illuminate\Pipeline\Pipeline.php(102): Illuminate\Routing\Pipeline->Illuminate\Routing\{closure}(Object(Dingo\Api\Http\Request))
#20 C:\Users\Nilton\PhpstormProjects\CodeFlix\vendor\laravel\framework\src\Illuminate\Routing\Router.php(561): Illuminate\Pipeline\Pipeline->then(Object(Closure))
#21 C:\Users\Nilton\PhpstormProjects\CodeFlix\vendor\laravel\framework\src\Illuminate\Routing\Router.php(520): Illuminate\Routing\Router->runRouteWithinStack(Object(Illuminate\Routing\Route), Object(Dingo\Api\Http\Request))
#22 C:\Users\Nilton\PhpstormProjects\CodeFlix\vendor\laravel\framework\src\Illuminate\Routing\Router.php(498): Illuminate\Routing\Router->dispatchToRoute(Object(Dingo\Api\Http\Request))
#23 C:\Users\Nilton\PhpstormProjects\CodeFlix\vendor\dingo\api\src\Routing\Adapter\Laravel.php(81): Illuminate\Routing\Router->dispatch(Object(Dingo\Api\Http\Request))
#24 C:\Users\Nilton\PhpstormProjects\CodeFlix\vendor\dingo\api\src\Routing\Router.php(513): Dingo\Api\Routing\Adapter\Laravel->dispatch(Object(Dingo\Api\Http\Request), 'v1')
#25 C:\Users\Nilton\PhpstormProjects\CodeFlix\vendor\dingo\api\src\Http\Middleware\Request.php(126): Dingo\Api\Routing\Router->dispatch(Object(Dingo\Api\Http\Request))
#26 C:\Users\Nilton\PhpstormProjects\CodeFlix\vendor\laravel\framework\src\Illuminate\Pipeline\Pipeline.php(114): Dingo\Api\Http\Middleware\Request->Dingo\Api\Http\Middleware\{closure}(Object(Dingo\Api\Http\Request))
#27 C:\Users\Nilton\PhpstormProjects\CodeFlix\vendor\barryvdh\laravel-cors\src\HandleCors.php(36): Illuminate\Pipeline\Pipeline->Illuminate\Pipeline\{closure}(Object(Dingo\Api\Http\Request))
#28 C:\Users\Nilton\PhpstormProjects\CodeFlix\vendor\laravel\framework\src\Illuminate\Pipeline\Pipeline.php(148): Barryvdh\Cors\HandleCors->handle(Object(Dingo\Api\Http\Request), Object(Closure))
#29 C:\Users\Nilton\PhpstormProjects\CodeFlix\vendor\laravel\framework\src\Illuminate\Foundation\Http\Middleware\TransformsRequest.php(30): Illuminate\Pipeline\Pipeline->Illuminate\Pipeline\{closure}(Object(Dingo\Api\Http\Request))
#30 C:\Users\Nilton\PhpstormProjects\CodeFlix\vendor\laravel\framework\src\Illuminate\Pipeline\Pipeline.php(148): Illuminate\Foundation\Http\Middleware\TransformsRequest->handle(Object(Dingo\Api\Http\Request), Object(Closure))
#31 C:\Users\Nilton\PhpstormProjects\CodeFlix\vendor\laravel\framework\src\Illuminate\Foundation\Http\Middleware\TransformsRequest.php(30): Illuminate\Pipeline\Pipeline->Illuminate\Pipeline\{closure}(Object(Dingo\Api\Http\Request))
#32 C:\Users\Nilton\PhpstormProjects\CodeFlix\vendor\laravel\framework\src\Illuminate\Pipeline\Pipeline.php(148): Illuminate\Foundation\Http\Middleware\TransformsRequest->handle(Object(Dingo\Api\Http\Request), Object(Closure))
#33 C:\Users\Nilton\PhpstormProjects\CodeFlix\vendor\laravel\framework\src\Illuminate\Foundation\Http\Middleware\ValidatePostSize.php(27): Illuminate\Pipeline\Pipeline->Illuminate\Pipeline\{closure}(Object(Dingo\Api\Http\Request))
#34 C:\Users\Nilton\PhpstormProjects\CodeFlix\vendor\laravel\framework\src\Illuminate\Pipeline\Pipeline.php(148): Illuminate\Foundation\Http\Middleware\ValidatePostSize->handle(Object(Dingo\Api\Http\Request), Object(Closure))
#35 C:\Users\Nilton\PhpstormProjects\CodeFlix\vendor\laravel\framework\src\Illuminate\Foundation\Http\Middleware\CheckForMaintenanceMode.php(46): Illuminate\Pipeline\Pipeline->Illuminate\Pipeline\{closure}(Object(Dingo\Api\Http\Request))
#36 C:\Users\Nilton\PhpstormProjects\CodeFlix\vendor\laravel\framework\src\Illuminate\Pipeline\Pipeline.php(148): Illuminate\Foundation\Http\Middleware\CheckForMaintenanceMode->handle(Object(Dingo\Api\Http\Request), Object(Closure))
#37 C:\Users\Nilton\PhpstormProjects\CodeFlix\vendor\laravel\framework\src\Illuminate\Pipeline\Pipeline.php(102): Illuminate\Pipeline\Pipeline->Illuminate\Pipeline\{closure}(Object(Dingo\Api\Http\Request))
#38 C:\Users\Nilton\PhpstormProjects\CodeFlix\vendor\dingo\api\src\Http\Middleware\Request.php(127): Illuminate\Pipeline\Pipeline->then(Object(Closure))
#39 C:\Users\Nilton\PhpstormProjects\CodeFlix\vendor\dingo\api\src\Http\Middleware\Request.php(103): Dingo\Api\Http\Middleware\Request->sendRequestThroughRouter(Object(Dingo\Api\Http\Request))
#40 C:\Users\Nilton\PhpstormProjects\CodeFlix\vendor\laravel\framework\src\Illuminate\Pipeline\Pipeline.php(148): Dingo\Api\Http\Middleware\Request->handle(Object(Dingo\Api\Http\Request), Object(Closure))
#41 C:\Users\Nilton\PhpstormProjects\CodeFlix\vendor\laravel\framework\src\Illuminate\Routing\Pipeline.php(53): Illuminate\Pipeline\Pipeline->Illuminate\Pipeline\{closure}(Object(Illuminate\Http\Request))
#42 C:\Users\Nilton\PhpstormProjects\CodeFlix\vendor\laravel\framework\src\Illuminate\Pipeline\Pipeline.php(102): Illuminate\Routing\Pipeline->Illuminate\Routing\{closure}(Object(Illuminate\Http\Request))
#43 C:\Users\Nilton\PhpstormProjects\CodeFlix\vendor\laravel\framework\src\Illuminate\Foundation\Http\Kernel.php(149): Illuminate\Pipeline\Pipeline->then(Object(Closure))
#44 C:\Users\Nilton\PhpstormProjects\CodeFlix\vendor\laravel\framework\src\Illuminate\Foundation\Http\Kernel.php(116): Illuminate\Foundation\Http\Kernel->sendRequestThroughRouter(Object(Illuminate\Http\Request))
#45 C:\Users\Nilton\PhpstormProjects\CodeFlix\public\index.php(53): Illuminate\Foundation\Http\Kernel->handle(Object(Illuminate\Http\Request))
#46 C:\Users\Nilton\PhpstormProjects\CodeFlix\server.php(21): require_once('C:\\Users\\Nilton...')
#47 {main}  
[2017-09-08 18:59:56] local.ERROR: Tymon\JWTAuth\Exceptions\TokenInvalidException: Wrong number of segments in C:\Users\Nilton\PhpstormProjects\CodeFlix\vendor\tymon\jwt-auth\src\Validators\TokenValidator.php:42
Stack trace:
#0 C:\Users\Nilton\PhpstormProjects\CodeFlix\vendor\tymon\jwt-auth\src\Validators\TokenValidator.php(27): Tymon\JWTAuth\Validators\TokenValidator->validateStructure('omVN57JmhYnCqTA...')
#1 C:\Users\Nilton\PhpstormProjects\CodeFlix\vendor\tymon\jwt-auth\src\Token.php(32): Tymon\JWTAuth\Validators\TokenValidator->check('omVN57JmhYnCqTA...')
#2 C:\Users\Nilton\PhpstormProjects\CodeFlix\vendor\tymon\jwt-auth\src\JWT.php(253): Tymon\JWTAuth\Token->__construct('omVN57JmhYnCqTA...')
#3 C:\Users\Nilton\PhpstormProjects\CodeFlix\vendor\tymon\jwt-auth\src\JWT.php(179): Tymon\JWTAuth\JWT->setToken('omVN57JmhYnCqTA...')
#4 C:\Users\Nilton\PhpstormProjects\CodeFlix\app\Auth\JwtProvider.php(54): Tymon\JWTAuth\JWT->parseToken()
#5 C:\Users\Nilton\PhpstormProjects\CodeFlix\app\Auth\JwtProvider.php(47): CodeFlix\Auth\JwtProvider->refreshToken()
#6 C:\Users\Nilton\PhpstormProjects\CodeFlix\vendor\dingo\api\src\Auth\Auth.php(82): CodeFlix\Auth\JwtProvider->authenticate(Object(Dingo\Api\Http\Request), Object(Dingo\Api\Routing\Route))
#7 C:\Users\Nilton\PhpstormProjects\CodeFlix\vendor\dingo\api\src\Http\Middleware\Auth.php(52): Dingo\Api\Auth\Auth->authenticate(Array)
#8 C:\Users\Nilton\PhpstormProjects\CodeFlix\vendor\laravel\framework\src\Illuminate\Pipeline\Pipeline.php(148): Dingo\Api\Http\Middleware\Auth->handle(Object(Dingo\Api\Http\Request), Object(Closure))
#9 C:\Users\Nilton\PhpstormProjects\CodeFlix\vendor\laravel\framework\src\Illuminate\Routing\Pipeline.php(53): Illuminate\Pipeline\Pipeline->Illuminate\Pipeline\{closure}(Object(Dingo\Api\Http\Request))
#10 C:\Users\Nilton\PhpstormProjects\CodeFlix\vendor\dingo\api\src\Http\Middleware\RateLimit.php(70): Illuminate\Routing\Pipeline->Illuminate\Routing\{closure}(Object(Dingo\Api\Http\Request))
#11 C:\Users\Nilton\PhpstormProjects\CodeFlix\vendor\laravel\framework\src\Illuminate\Pipeline\Pipeline.php(148): Dingo\Api\Http\Middleware\RateLimit->handle(Object(Dingo\Api\Http\Request), Object(Closure))
#12 C:\Users\Nilton\PhpstormProjects\CodeFlix\vendor\laravel\framework\src\Illuminate\Routing\Pipeline.php(53): Illuminate\Pipeline\Pipeline->Illuminate\Pipeline\{closure}(Object(Dingo\Api\Http\Request))
#13 C:\Users\Nilton\PhpstormProjects\CodeFlix\vendor\laravel\framework\src\Illuminate\Routing\Middleware\SubstituteBindings.php(41): Illuminate\Routing\Pipeline->Illuminate\Routing\{closure}(Object(Dingo\Api\Http\Request))
#14 C:\Users\Nilton\PhpstormProjects\CodeFlix\vendor\laravel\framework\src\Illuminate\Pipeline\Pipeline.php(148): Illuminate\Routing\Middleware\SubstituteBindings->handle(Object(Dingo\Api\Http\Request), Object(Closure))
#15 C:\Users\Nilton\PhpstormProjects\CodeFlix\vendor\laravel\framework\src\Illuminate\Routing\Pipeline.php(53): Illuminate\Pipeline\Pipeline->Illuminate\Pipeline\{closure}(Object(Dingo\Api\Http\Request))
#16 C:\Users\Nilton\PhpstormProjects\CodeFlix\vendor\dingo\api\src\Http\Middleware\PrepareController.php(45): Illuminate\Routing\Pipeline->Illuminate\Routing\{closure}(Object(Dingo\Api\Http\Request))
#17 C:\Users\Nilton\PhpstormProjects\CodeFlix\vendor\laravel\framework\src\Illuminate\Pipeline\Pipeline.php(148): Dingo\Api\Http\Middleware\PrepareController->handle(Object(Dingo\Api\Http\Request), Object(Closure))
#18 C:\Users\Nilton\PhpstormProjects\CodeFlix\vendor\laravel\framework\src\Illuminate\Routing\Pipeline.php(53): Illuminate\Pipeline\Pipeline->Illuminate\Pipeline\{closure}(Object(Dingo\Api\Http\Request))
#19 C:\Users\Nilton\PhpstormProjects\CodeFlix\vendor\laravel\framework\src\Illuminate\Pipeline\Pipeline.php(102): Illuminate\Routing\Pipeline->Illuminate\Routing\{closure}(Object(Dingo\Api\Http\Request))
#20 C:\Users\Nilton\PhpstormProjects\CodeFlix\vendor\laravel\framework\src\Illuminate\Routing\Router.php(561): Illuminate\Pipeline\Pipeline->then(Object(Closure))
#21 C:\Users\Nilton\PhpstormProjects\CodeFlix\vendor\laravel\framework\src\Illuminate\Routing\Router.php(520): Illuminate\Routing\Router->runRouteWithinStack(Object(Illuminate\Routing\Route), Object(Dingo\Api\Http\Request))
#22 C:\Users\Nilton\PhpstormProjects\CodeFlix\vendor\laravel\framework\src\Illuminate\Routing\Router.php(498): Illuminate\Routing\Router->dispatchToRoute(Object(Dingo\Api\Http\Request))
#23 C:\Users\Nilton\PhpstormProjects\CodeFlix\vendor\dingo\api\src\Routing\Adapter\Laravel.php(81): Illuminate\Routing\Router->dispatch(Object(Dingo\Api\Http\Request))
#24 C:\Users\Nilton\PhpstormProjects\CodeFlix\vendor\dingo\api\src\Routing\Router.php(513): Dingo\Api\Routing\Adapter\Laravel->dispatch(Object(Dingo\Api\Http\Request), 'v1')
#25 C:\Users\Nilton\PhpstormProjects\CodeFlix\vendor\dingo\api\src\Http\Middleware\Request.php(126): Dingo\Api\Routing\Router->dispatch(Object(Dingo\Api\Http\Request))
#26 C:\Users\Nilton\PhpstormProjects\CodeFlix\vendor\laravel\framework\src\Illuminate\Pipeline\Pipeline.php(114): Dingo\Api\Http\Middleware\Request->Dingo\Api\Http\Middleware\{closure}(Object(Dingo\Api\Http\Request))
#27 C:\Users\Nilton\PhpstormProjects\CodeFlix\vendor\barryvdh\laravel-cors\src\HandleCors.php(36): Illuminate\Pipeline\Pipeline->Illuminate\Pipeline\{closure}(Object(Dingo\Api\Http\Request))
#28 C:\Users\Nilton\PhpstormProjects\CodeFlix\vendor\laravel\framework\src\Illuminate\Pipeline\Pipeline.php(148): Barryvdh\Cors\HandleCors->handle(Object(Dingo\Api\Http\Request), Object(Closure))
#29 C:\Users\Nilton\PhpstormProjects\CodeFlix\vendor\laravel\framework\src\Illuminate\Foundation\Http\Middleware\TransformsRequest.php(30): Illuminate\Pipeline\Pipeline->Illuminate\Pipeline\{closure}(Object(Dingo\Api\Http\Request))
#30 C:\Users\Nilton\PhpstormProjects\CodeFlix\vendor\laravel\framework\src\Illuminate\Pipeline\Pipeline.php(148): Illuminate\Foundation\Http\Middleware\TransformsRequest->handle(Object(Dingo\Api\Http\Request), Object(Closure))
#31 C:\Users\Nilton\PhpstormProjects\CodeFlix\vendor\laravel\framework\src\Illuminate\Foundation\Http\Middleware\TransformsRequest.php(30): Illuminate\Pipeline\Pipeline->Illuminate\Pipeline\{closure}(Object(Dingo\Api\Http\Request))
#32 C:\Users\Nilton\PhpstormProjects\CodeFlix\vendor\laravel\framework\src\Illuminate\Pipeline\Pipeline.php(148): Illuminate\Foundation\Http\Middleware\TransformsRequest->handle(Object(Dingo\Api\Http\Request), Object(Closure))
#33 C:\Users\Nilton\PhpstormProjects\CodeFlix\vendor\laravel\framework\src\Illuminate\Foundation\Http\Middleware\ValidatePostSize.php(27): Illuminate\Pipeline\Pipeline->Illuminate\Pipeline\{closure}(Object(Dingo\Api\Http\Request))
#34 C:\Users\Nilton\PhpstormProjects\CodeFlix\vendor\laravel\framework\src\Illuminate\Pipeline\Pipeline.php(148): Illuminate\Foundation\Http\Middleware\ValidatePostSize->handle(Object(Dingo\Api\Http\Request), Object(Closure))
#35 C:\Users\Nilton\PhpstormProjects\CodeFlix\vendor\laravel\framework\src\Illuminate\Foundation\Http\Middleware\CheckForMaintenanceMode.php(46): Illuminate\Pipeline\Pipeline->Illuminate\Pipeline\{closure}(Object(Dingo\Api\Http\Request))
#36 C:\Users\Nilton\PhpstormProjects\CodeFlix\vendor\laravel\framework\src\Illuminate\Pipeline\Pipeline.php(148): Illuminate\Foundation\Http\Middleware\CheckForMaintenanceMode->handle(Object(Dingo\Api\Http\Request), Object(Closure))
#37 C:\Users\Nilton\PhpstormProjects\CodeFlix\vendor\laravel\framework\src\Illuminate\Pipeline\Pipeline.php(102): Illuminate\Pipeline\Pipeline->Illuminate\Pipeline\{closure}(Object(Dingo\Api\Http\Request))
#38 C:\Users\Nilton\PhpstormProjects\CodeFlix\vendor\dingo\api\src\Http\Middleware\Request.php(127): Illuminate\Pipeline\Pipeline->then(Object(Closure))
#39 C:\Users\Nilton\PhpstormProjects\CodeFlix\vendor\dingo\api\src\Http\Middleware\Request.php(103): Dingo\Api\Http\Middleware\Request->sendRequestThroughRouter(Object(Dingo\Api\Http\Request))
#40 C:\Users\Nilton\PhpstormProjects\CodeFlix\vendor\laravel\framework\src\Illuminate\Pipeline\Pipeline.php(148): Dingo\Api\Http\Middleware\Request->handle(Object(Dingo\Api\Http\Request), Object(Closure))
#41 C:\Users\Nilton\PhpstormProjects\CodeFlix\vendor\laravel\framework\src\Illuminate\Routing\Pipeline.php(53): Illuminate\Pipeline\Pipeline->Illuminate\Pipeline\{closure}(Object(Illuminate\Http\Request))
#42 C:\Users\Nilton\PhpstormProjects\CodeFlix\vendor\laravel\framework\src\Illuminate\Pipeline\Pipeline.php(102): Illuminate\Routing\Pipeline->Illuminate\Routing\{closure}(Object(Illuminate\Http\Request))
#43 C:\Users\Nilton\PhpstormProjects\CodeFlix\vendor\laravel\framework\src\Illuminate\Foundation\Http\Kernel.php(149): Illuminate\Pipeline\Pipeline->then(Object(Closure))
#44 C:\Users\Nilton\PhpstormProjects\CodeFlix\vendor\laravel\framework\src\Illuminate\Foundation\Http\Kernel.php(116): Illuminate\Foundation\Http\Kernel->sendRequestThroughRouter(Object(Illuminate\Http\Request))
#45 C:\Users\Nilton\PhpstormProjects\CodeFlix\public\index.php(53): Illuminate\Foundation\Http\Kernel->handle(Object(Illuminate\Http\Request))
#46 C:\Users\Nilton\PhpstormProjects\CodeFlix\server.php(21): require_once('C:\\Users\\Nilton...')
#47 {main}  
